Date,Time,Temperature,Flag
06.02.2026,18:27:00,16.2,b
06.02.2026,18:34:00,16.3,b
06.02.2026,19:01:00,16.7,b
06.02.2026,19:12:00,16.9,b
06.02.2026,19:29:00,17.0,b
06.02.2026,19:51:00,17.6,b
06.02.2026,19:56:00,17.6,t
06.02.2026,19:56:00,17.7,b
06.02.2026,20:09:00,17.6,t
06.02.2026,20:10:00,17.1,b
06.02.2026,20:29:00,17.3,b
06.02.2026,20:29:00,17.9,t
06.02.2026,20:36:00,17.4,b
06.02.2026,20:36:00,18.0,t
06.02.2026,20:50:00,17.5,b
06.02.2026,20:50:00,18.1,t
06.02.2026,20:57:00,17.9,c
06.02.2026,20:58:00,18.2,t
06.02.2026,20:58:00,17.8,c
06.02.2026,20:58:00,17.6,b
06.02.2026,21:01:00,17.6,c
06.02.2026,21:12:00,17.8,b
06.02.2026,21:12:00,17.7,c
06.02.2026,21:12:00,18.4,t
06.02.2026,21:44:00,18.6,t
06.02.2026,21:44:00,17.8,c
06.02.2026,21:44:00,17.9,b
06.02.2026,21:49:00,17.9,b
06.02.2026,21:49:00,17.8,c
06.02.2026,21:49:00,18.7,t
06.02.2026,21:54:00,17.8,c
06.02.2026,21:54:00,18.7,t
06.02.2026,21:54:00,17.9,b
06.02.2026,21:54:00,18.9,d
06.02.2026,22:03:18,19.1,d
06.02.2026,22:03:48,19.2,d
06.02.2026,22:06:30,19.3,d
06.02.2026,22:10:32,19.2,d
06.02.2026,22:12:32,19.1,d
06.02.2026,22:20:34,19.0,d
06.02.2026,22:22:34,18.9,d
06.02.2026,22:26:36,18.8,d
06.02.2026,22:32:38,18.7,d
06.02.2026,22:40:40,18.6,d
06.02.2026,22:46:42,18.5,d
06.02.2026,23:00:46,18.4,d
06.02.2026,23:12:50,18.3,d
06.02.2026,23:34:56,18.2,d
06.02.2026,23:57:04,18.1,d
07.02.2026,00:15:10,18.0,d
07.02.2026,00:55:22,17.9,d
07.02.2026,01:51:38,17.8,d
07.02.2026,02:37:52,17.7,d
07.02.2026,04:02:18,17.6,d
07.02.2026,06:33:06,17.5,d
07.02.2026,09:26:00,17.5,d
07.02.2026,09:28:00,17.5,d
07.02.2026,09:30:00,17.6,d
07.02.2026,09:32:02,17.7,d
07.02.2026,09:36:02,17.8,d
07.02.2026,09:38:04,17.9,d
07.02.2026,09:40:04,18.0,d
07.02.2026,09:42:06,18.1,d
07.02.2026,09:44:06,18.2,d
07.02.2026,09:46:06,18.3,d
07.02.2026,09:48:08,18.4,d
07.02.2026,09:50:08,18.5,d
07.02.2026,09:52:08,18.6,d
07.02.2026,09:54:10,18.7,d
07.02.2026,09:56:10,18.8,d
07.02.2026,09:58:12,18.9,d
07.02.2026,10:00:12,19.0,d
07.02.2026,10:02:12,19.1,d
07.02.2026,10:06:14,19.2,d
07.02.2026,10:08:14,19.3,d
07.02.2026,10:10:16,19.4,d
07.02.2026,10:14:18,19.5,d
07.02.2026,10:16:18,19.6,d
07.02.2026,10:20:20,19.7,d
07.02.2026,10:24:20,19.8,d
07.02.2026,10:28:22,19.9,d
07.02.2026,10:30:24,20.0,d
07.02.2026,10:34:24,20.1,d
07.02.2026,10:38:26,20.2,d
07.02.2026,10:44:28,20.3,d
07.02.2026,10:48:30,20.4,d
07.02.2026,10:52:32,20.5,d
07.02.2026,10:56:32,20.6,d
07.02.2026,11:02:36,20.7,d
07.02.2026,11:06:36,20.8,d
07.02.2026,11:12:38,20.9,d
07.02.2026,11:16:40,21.0,d
07.02.2026,11:22:42,21.1,d
07.02.2026,11:28:44,21.2,d
07.02.2026,11:32:46,21.3,d
07.02.2026,11:34:48,21.4,d
07.02.2026,11:48:52,21.4,d
07.02.2026,11:50:54,21.3,d
07.02.2026,11:52:54,21.2,d
07.02.2026,11:54:54,21.1,d
07.02.2026,11:56:56,21.0,d
07.02.2026,12:00:56,20.9,d
07.02.2026,12:02:58,20.8,d
07.02.2026,12:09:00,20.7,d
07.02.2026,12:11:00,20.6,d
07.02.2026,12:19:04,20.5,d
07.02.2026,12:27:06,20.4,d
07.02.2026,12:33:08,20.3,d
07.02.2026,12:39:12,20.2,d
07.02.2026,12:45:12,20.1,d
07.02.2026,12:53:16,20.0,d
07.02.2026,13:19:26,19.9,d
07.02.2026,13:25:28,19.8,d
07.02.2026,13:35:32,19.7,d
07.02.2026,13:43:34,19.6,d
07.02.2026,13:53:38,19.5,d
07.02.2026,14:05:42,19.6,d
07.02.2026,14:07:44,19.5,d
07.02.2026,14:21:48,19.4,d
07.02.2026,14:35:54,19.5,d
07.02.2026,14:37:54,19.6,d
07.02.2026,14:39:56,19.7,d
07.02.2026,14:45:58,19.8,d
07.02.2026,14:47:58,19.9,d
07.02.2026,14:49:58,20.0,d
07.02.2026,14:54:00,20.1,d
07.02.2026,14:58:02,20.2,d
07.02.2026,15:02:04,20.3,d
07.02.2026,15:08:06,20.4,d
07.02.2026,21:47:26,18.3,d
07.02.2026,21:51:28,18.5,d
07.02.2026,21:53:30,18.6,d
07.02.2026,21:55:30,18.7,d
07.02.2026,21:57:30,18.8,d
07.02.2026,21:59:32,18.9,d
07.02.2026,22:07:34,19.2,d
07.02.2026,22:09:34,19.3,d
07.02.2026,22:11:36,19.4,d
07.02.2026,22:13:36,19.5,d
07.02.2026,22:15:36,19.6,d
07.02.2026,22:17:38,19.7,d
07.02.2026,22:19:38,19.8,d
07.02.2026,22:23:40,20.0,d
07.02.2026,22:31:42,19.9,d
07.02.2026,22:35:44,19.8,d
07.02.2026,22:39:44,19.7,d
07.02.2026,22:43:46,19.6,d
07.02.2026,22:47:46,19.5,d
07.02.2026,22:53:48,19.4,d
07.02.2026,22:59:50,19.3,d
07.02.2026,23:09:54,19.2,d
07.02.2026,23:28:00,19.1,d
07.02.2026,23:40:02,19.0,d
07.02.2026,23:56:08,18.9,d
08.02.2026,00:22:16,18.8,d
08.02.2026,00:46:24,18.7,d
08.02.2026,01:18:34,18.6,d
08.02.2026,01:58:46,18.5,d
08.02.2026,02:40:58,18.4,d
08.02.2026,03:35:16,18.3,d
08.02.2026,05:17:48,18.2,d
08.02.2026,07:08:22,18.1,d
08.02.2026,09:00:56,18.0,d
08.02.2026,11:45:46,18.0,d
08.02.2026,11:47:46,18.1,d
08.02.2026,11:49:46,18.2,d
08.02.2026,11:51:48,18.3,d
08.02.2026,11:53:48,18.5,d
08.02.2026,11:55:50,18.6,d
08.02.2026,11:57:50,18.8,d
08.02.2026,11:59:50,18.9,d
08.02.2026,12:01:52,19.1,d
08.02.2026,12:03:52,19.2,d
08.02.2026,12:05:52,19.4,d
08.02.2026,12:07:52,19.5,d
08.02.2026,12:09:54,19.7,d
08.02.2026,12:11:54,19.8,d
08.02.2026,12:13:54,19.9,d
08.02.2026,12:15:56,20.0,d
08.02.2026,12:17:56,20.1,d
08.02.2026,12:19:56,20.2,d
08.02.2026,12:21:58,20.4,d
08.02.2026,12:25:58,20.5,d
08.02.2026,12:28:00,20.6,d
08.02.2026,12:30:00,20.7,d
08.02.2026,12:32:00,20.8,d
08.02.2026,12:34:02,20.9,d
08.02.2026,12:36:02,21.0,d
08.02.2026,12:38:02,21.1,d
08.02.2026,12:40:04,21.2,d
08.02.2026,12:42:04,21.4,d
08.02.2026,12:52:08,21.5,d
08.02.2026,12:54:08,21.7,d
08.02.2026,12:56:08,21.8,d
08.02.2026,13:00:10,21.9,d
08.02.2026,18:11:14,21.0,d
08.02.2026,18:13:14,21.1,d
08.02.2026,18:25:18,21.0,d
08.02.2026,18:33:20,20.9,d
08.02.2026,18:41:22,20.9,d
08.02.2026,18:51:24,20.8,d
08.02.2026,18:55:24,20.7,d
08.02.2026,19:05:00,19.0,b
08.02.2026,19:05:00,20.2,t
08.02.2026,19:05:00,20.7,d
08.02.2026,19:17:32,20.6,d
08.02.2026,19:35:36,20.5,d
08.02.2026,19:49:40,20.4,d
08.02.2026,19:55:00,18.6,b
08.02.2026,19:55:00,19.6,t
08.02.2026,20:19:50,20.5,d
08.02.2026,21:14:06,20.4,d
08.02.2026,21:28:10,20.3,d
08.02.2026,22:04:00,18.9,b
08.02.2026,22:05:00,19.7,t
08.02.2026,22:05:00,20.2,d
08.02.2026,22:05:00,20.2,d
08.02.2026,22:29:44,20.4,d
08.02.2026,22:56:46,20.3,d
08.02.2026,23:05:46,20.2,d
08.02.2026,23:23:46,20.1,d
08.02.2026,23:32:48,20.0,d
08.02.2026,23:50:48,19.9,d
09.02.2026,00:08:50,19.8,d
09.02.2026,00:08:50,19.8,d
09.02.2026,00:44:52,19.7,d
09.02.2026,00:53:52,19.6,d
09.02.2026,01:38:56,19.5,d
09.02.2026,02:05:56,19.4,d
09.02.2026,02:51:00,19.3,d
09.02.2026,03:18:00,19.2,d
09.02.2026,04:12:04,19.1,d
09.02.2026,04:57:06,19.0,d
09.02.2026,05:51:10,18.9,d
09.02.2026,06:18:12,19.0,d
09.02.2026,06:27:12,18.9,d
09.02.2026,07:39:16,18.8,d
09.02.2026,09:09:22,18.7,d
09.02.2026,09:27:22,18.7,d
09.02.2026,10:57:28,18.6,d
09.02.2026,13:30:38,18.5,d
09.02.2026,13:48:40,18.5,d
09.02.2026,18:27:56,18.4,d
09.02.2026,19:49:02,18.4,d
10.02.2026,02:52:26,18.3,d
10.02.2026,10:40:56,18.2,d
10.02.2026,10:58:56,18.3,d
10.02.2026,13:50:08,18.4,d
10.02.2026,13:59:08,18.7,d
10.02.2026,14:08:08,19.0,d
10.02.2026,14:17:08,19.3,d
10.02.2026,14:26:10,19.6,d
10.02.2026,14:35:10,19.9,d
10.02.2026,14:44:10,20.1,d
10.02.2026,14:53:10,20.3,d
10.02.2026,15:02:12,20.3,d
10.02.2026,15:11:12,20.1,d
10.02.2026,15:20:12,19.9,d
10.02.2026,15:29:14,19.7,d
10.02.2026,15:38:14,19.6,d
10.02.2026,15:47:14,19.5,d
10.02.2026,15:56:14,19.4,d
10.02.2026,16:05:16,19.4,d
10.02.2026,16:14:16,19.3,d
10.02.2026,16:23:16,19.2,d
10.02.2026,16:32:16,19.2,d
10.02.2026,16:41:18,19.1,d
10.02.2026,16:50:18,19.1,d
10.02.2026,16:59:18,19.1,d
10.02.2026,17:08:18,19.0,d
10.02.2026,17:17:20,19.0,d
10.02.2026,17:26:20,19.0,d
10.02.2026,17:35:20,19.0,d
10.02.2026,17:44:22,18.9,d
10.02.2026,17:53:22,18.9,d
10.02.2026,18:02:22,18.8,d
10.02.2026,18:11:22,18.8,d
10.02.2026,18:20:24,18.9,d
10.02.2026,18:29:24,19.4,d
10.02.2026,18:38:24,20.6,d
10.02.2026,18:47:26,21.3,d
10.02.2026,18:56:26,21.5,d
10.02.2026,19:05:26,22.0,d
10.02.2026,19:14:26,22.3,d
10.02.2026,19:23:28,22.6,d
10.02.2026,19:32:28,22.6,d
10.02.2026,19:41:28,22.5,d
10.02.2026,19:50:30,22.3,d
10.02.2026,19:59:30,22.2,d
10.02.2026,20:08:30,22.2,d
10.02.2026,20:17:30,22.1,d
10.02.2026,20:26:32,22.0,d
10.02.2026,20:35:32,22.0,d
10.02.2026,20:44:32,21.9,d
10.02.2026,20:53:32,21.9,d
10.02.2026,21:02:34,21.8,d
10.02.2026,21:11:34,21.6,d
10.02.2026,21:20:34,21.5,d
10.02.2026,21:29:36,21.5,d
10.02.2026,21:38:36,21.5,d
10.02.2026,21:47:36,21.5,d
10.02.2026,21:56:36,21.5,d
10.02.2026,22:05:38,21.5,d
10.02.2026,22:14:38,21.5,d
10.02.2026,22:23:38,21.5,d
10.02.2026,22:32:40,21.4,d
10.02.2026,22:41:40,21.4,d
10.02.2026,22:50:40,21.3,d
10.02.2026,22:59:40,21.3,d
10.02.2026,23:08:42,21.2,d
10.02.2026,23:17:42,21.2,d
10.02.2026,23:26:42,21.1,d
10.02.2026,23:35:44,21.1,d
10.02.2026,23:44:44,21.1,d
10.02.2026,23:53:44,21.1,d
11.02.2026,00:02:46,21.0,d
11.02.2026,00:11:46,21.0,d
11.02.2026,00:20:46,21.0,d
11.02.2026,00:29:46,21.0,d
11.02.2026,00:38:48,20.9,d
11.02.2026,00:47:48,20.9,d
11.02.2026,00:56:48,20.9,d
11.02.2026,01:05:48,20.9,d
11.02.2026,01:14:50,20.9,d
11.02.2026,01:23:50,20.8,d
11.02.2026,01:32:50,20.8,d
11.02.2026,01:41:52,20.8,d
11.02.2026,01:50:52,20.8,d
11.02.2026,01:59:52,20.8,d
11.02.2026,02:08:54,20.8,d
11.02.2026,02:17:54,20.7,d
11.02.2026,02:26:54,20.7,d
11.02.2026,02:35:56,20.7,d
11.02.2026,02:44:56,20.7,d
11.02.2026,02:53:56,20.7,d
11.02.2026,03:02:58,20.7,d
11.02.2026,03:11:58,20.7,d
11.02.2026,03:20:58,20.7,d
11.02.2026,03:29:58,20.6,d
11.02.2026,03:39:00,20.6,d
11.02.2026,03:48:00,20.6,d
11.02.2026,03:57:00,20.6,d
11.02.2026,04:06:00,20.6,d
11.02.2026,04:15:02,20.6,d
11.02.2026,04:24:02,20.6,d
11.02.2026,04:33:02,20.6,d
11.02.2026,04:42:04,20.5,d
11.02.2026,04:51:04,20.5,d
11.02.2026,05:00:04,20.5,d
11.02.2026,05:09:06,20.5,d
11.02.2026,05:18:06,20.5,d
11.02.2026,05:27:06,20.5,d
11.02.2026,05:36:06,20.5,d
11.02.2026,05:45:08,20.5,d
11.02.2026,05:54:08,20.5,d
11.02.2026,06:03:08,20.5,d
11.02.2026,06:12:10,20.5,d
11.02.2026,06:21:10,20.4,d
11.02.2026,06:30:10,20.4,d
11.02.2026,06:39:10,20.4,d
11.02.2026,06:48:12,20.4,d
11.02.2026,06:57:12,20.4,d
11.02.2026,07:06:12,20.4,d
11.02.2026,07:15:14,20.4,d
11.02.2026,07:24:14,20.4,d
11.02.2026,07:33:14,20.4,d
11.02.2026,07:42:14,20.4,d
11.02.2026,07:51:16,20.4,d
11.02.2026,08:00:16,20.4,d
11.02.2026,08:09:16,20.4,d
11.02.2026,08:18:18,20.4,d
11.02.2026,08:27:18,20.4,d
11.02.2026,08:36:18,20.4,d
11.02.2026,08:45:20,20.4,d
11.02.2026,08:54:20,20.4,d
11.02.2026,09:03:20,20.4,d
11.02.2026,09:12:22,20.3,d
11.02.2026,09:21:22,20.3,d
11.02.2026,09:30:22,20.3,d
11.02.2026,09:39:24,20.3,d
11.02.2026,09:48:24,20.3,d
11.02.2026,09:57:24,20.3,d
11.02.2026,10:06:26,20.3,d
11.02.2026,10:15:26,20.3,d
11.02.2026,10:24:26,20.3,d
11.02.2026,10:33:26,20.3,d
11.02.2026,10:42:28,20.3,d
11.02.2026,10:51:28,20.3,d
11.02.2026,11:00:28,20.3,d
11.02.2026,11:09:30,20.3,d
11.02.2026,11:18:30,20.3,d
11.02.2026,11:27:30,20.3,d
11.02.2026,11:36:30,20.3,d
11.02.2026,11:45:32,20.3,d
11.02.2026,11:54:32,20.3,d
11.02.2026,12:03:32,20.3,d
11.02.2026,12:12:34,20.3,d
11.02.2026,12:21:34,20.3,d
11.02.2026,12:30:34,20.3,d
11.02.2026,12:39:34,20.3,d
11.02.2026,12:48:36,20.3,d
11.02.2026,12:57:36,20.3,d
11.02.2026,13:06:36,20.3,d
11.02.2026,13:15:38,20.3,d
11.02.2026,13:24:38,20.3,d
11.02.2026,13:33:38,20.3,d
11.02.2026,13:42:38,20.3,d
11.02.2026,13:51:40,20.3,d
11.02.2026,14:00:40,20.3,d
11.02.2026,14:09:40,20.3,d
11.02.2026,14:18:42,20.3,d
11.02.2026,14:27:42,20.3,d
11.02.2026,14:36:42,20.3,d
11.02.2026,14:45:44,20.3,d
11.02.2026,14:54:44,20.3,d
11.02.2026,15:03:44,20.3,d
11.02.2026,15:12:44,20.3,d
11.02.2026,15:21:46,20.3,d
11.02.2026,15:30:46,20.3,d
11.02.2026,15:39:46,20.3,d
11.02.2026,15:48:48,20.3,d
11.02.2026,15:57:48,20.3,d
11.02.2026,16:06:48,20.3,d
11.02.2026,16:15:48,20.3,d
11.02.2026,16:24:50,20.3,d
11.02.2026,16:33:50,20.3,d
11.02.2026,16:42:50,20.3,d
11.02.2026,16:51:52,20.3,d
11.02.2026,17:00:52,20.3,d
11.02.2026,17:09:52,20.3,d
11.02.2026,17:18:52,20.3,d
11.02.2026,17:27:54,20.3,d
11.02.2026,17:36:54,20.3,d
11.02.2026,17:45:54,20.3,d
11.02.2026,17:54:54,20.3,d
11.02.2026,18:03:56,20.4,d
11.02.2026,18:12:56,20.3,d
11.02.2026,18:21:56,20.3,d
11.02.2026,18:30:58,20.4,d
11.02.2026,18:39:58,20.3,d
11.02.2026,18:48:58,20.4,d
11.02.2026,18:58:00,20.4,d
11.02.2026,19:07:00,20.4,d
11.02.2026,19:16:00,20.3,d
11.02.2026,19:25:00,20.4,d
11.02.2026,19:34:02,20.4,d
11.02.2026,19:43:02,20.4,d
11.02.2026,19:52:02,20.3,d
11.02.2026,20:01:02,20.4,d
11.02.2026,20:10:04,20.3,d
11.02.2026,20:19:04,20.4,d
11.02.2026,20:28:04,20.4,d
11.02.2026,20:37:06,20.4,d
11.02.2026,20:46:06,20.4,d
11.02.2026,20:55:06,20.4,d
11.02.2026,21:04:06,20.3,d
11.02.2026,21:13:08,20.4,d
11.02.2026,21:22:08,20.4,d
11.02.2026,21:31:08,20.4,d
11.02.2026,21:40:10,20.4,d
11.02.2026,21:49:10,20.4,d
11.02.2026,21:58:10,20.4,d
11.02.2026,22:07:10,20.4,d
11.02.2026,22:16:12,20.4,d
11.02.2026,22:25:12,20.4,d
11.02.2026,22:34:12,20.4,d
11.02.2026,22:43:14,20.4,d
11.02.2026,22:52:14,20.4,d
11.02.2026,23:01:14,20.4,d
11.02.2026,23:10:14,20.4,d
11.02.2026,23:19:16,20.4,d
11.02.2026,23:28:16,20.4,d
11.02.2026,23:37:16,20.4,d
11.02.2026,23:46:18,20.4,d
11.02.2026,23:55:18,20.4,d
12.02.2026,00:04:18,20.4,d
12.02.2026,00:13:18,20.4,d
12.02.2026,00:22:20,20.4,d
12.02.2026,00:31:20,20.4,d
12.02.2026,00:40:20,20.4,d
12.02.2026,00:49:20,20.4,d
12.02.2026,00:58:22,20.4,d
12.02.2026,01:07:22,20.4,d
12.02.2026,01:16:22,20.4,d
12.02.2026,01:25:24,20.4,d
12.02.2026,01:34:24,20.4,d
12.02.2026,01:43:24,20.4,d
12.02.2026,01:52:24,20.4,d
12.02.2026,02:01:26,20.4,d
12.02.2026,02:10:26,20.4,d
12.02.2026,02:19:26,20.4,d
12.02.2026,02:28:28,20.4,d
12.02.2026,02:37:28,20.4,d
12.02.2026,02:46:28,20.4,d
12.02.2026,02:55:28,20.4,d
12.02.2026,03:04:30,20.4,d
12.02.2026,03:13:30,20.4,d
12.02.2026,03:22:30,20.4,d
12.02.2026,03:31:32,20.4,d
12.02.2026,03:40:32,20.4,d
12.02.2026,03:49:32,20.4,d
12.02.2026,03:58:32,20.4,d
12.02.2026,04:07:34,20.4,d
12.02.2026,04:16:34,20.4,d
12.02.2026,04:25:34,20.4,d
12.02.2026,04:34:34,20.4,d
12.02.2026,04:43:36,20.4,d
12.02.2026,04:52:36,20.4,d
12.02.2026,05:01:36,20.4,d
12.02.2026,05:10:38,20.4,d
12.02.2026,05:19:38,20.4,d
12.02.2026,05:28:38,20.4,d
12.02.2026,05:37:38,20.4,d
12.02.2026,05:46:40,20.4,d
12.02.2026,05:55:40,20.4,d
12.02.2026,06:04:40,20.4,d
12.02.2026,06:13:42,20.4,d
12.02.2026,06:22:42,20.4,d
12.02.2026,06:31:42,20.4,d
12.02.2026,06:40:42,20.4,d
12.02.2026,06:49:44,20.4,d
12.02.2026,06:58:44,20.4,d
12.02.2026,07:07:44,20.3,d
12.02.2026,07:16:46,20.4,d
12.02.2026,07:25:46,20.4,d
12.02.2026,07:34:46,20.4,d
12.02.2026,07:43:46,20.4,d
12.02.2026,07:52:48,20.4,d
12.02.2026,08:01:48,20.4,d
12.02.2026,08:10:48,20.4,d
12.02.2026,08:19:50,20.4,d
12.02.2026,08:28:50,20.4,d
12.02.2026,08:37:50,20.4,d
12.02.2026,08:46:52,20.4,d
12.02.2026,08:55:52,20.4,d
12.02.2026,09:04:52,20.4,d
12.02.2026,09:13:54,20.4,d
12.02.2026,09:22:54,20.4,d
12.02.2026,09:31:54,20.4,d
12.02.2026,09:40:56,20.4,d
12.02.2026,09:49:56,20.4,d
12.02.2026,09:58:56,20.4,d
12.02.2026,10:07:58,20.4,d
12.02.2026,10:16:58,20.4,d
12.02.2026,10:25:58,20.4,d
12.02.2026,10:34:58,20.4,d
12.02.2026,10:44:00,20.4,d
12.02.2026,10:53:00,20.4,d
12.02.2026,11:02:00,20.3,d
12.02.2026,11:11:02,20.4,d
12.02.2026,11:20:02,20.4,d
12.02.2026,11:29:02,20.4,d
12.02.2026,11:38:02,20.4,d
12.02.2026,11:47:04,20.4,d
12.02.2026,11:56:04,20.4,d
12.02.2026,12:05:04,20.4,d
12.02.2026,12:14:06,20.4,d
12.02.2026,12:23:06,20.4,d
12.02.2026,12:32:06,20.4,d
12.02.2026,12:41:06,20.4,d
12.02.2026,12:50:08,20.4,d
12.02.2026,12:59:08,20.4,d
12.02.2026,13:08:08,20.4,d
12.02.2026,13:17:08,20.4,d
12.02.2026,13:26:10,20.4,d
12.02.2026,13:35:10,20.4,d
12.02.2026,13:44:10,20.4,d
12.02.2026,13:53:12,20.4,d
12.02.2026,14:02:12,20.4,d
12.02.2026,14:11:12,20.4,d
12.02.2026,14:20:12,20.4,d
12.02.2026,14:29:14,20.4,d
12.02.2026,14:38:14,20.4,d
12.02.2026,14:47:14,20.4,d
12.02.2026,14:56:14,20.4,d
12.02.2026,15:05:16,20.4,d
12.02.2026,15:14:16,20.4,d
12.02.2026,15:23:16,20.4,d
12.02.2026,15:32:18,20.4,d
12.02.2026,15:41:18,20.4,d
12.02.2026,15:50:18,20.4,d
12.02.2026,15:59:20,20.4,d
12.02.2026,16:08:20,20.4,d
12.02.2026,16:17:20,20.4,d
12.02.2026,16:26:20,20.4,d
12.02.2026,16:35:22,20.4,d
12.02.2026,16:44:22,20.4,d
12.02.2026,16:53:22,20.4,d
12.02.2026,17:02:22,20.4,d
12.02.2026,17:11:24,20.4,d
12.02.2026,17:20:24,20.4,d
12.02.2026,17:29:24,20.4,d
12.02.2026,17:38:26,20.4,d
12.02.2026,17:47:26,20.4,d
12.02.2026,17:56:26,20.4,d
12.02.2026,18:05:28,20.4,d
12.02.2026,18:14:28,20.4,d
12.02.2026,18:23:28,20.4,d
12.02.2026,18:32:30,20.4,d
12.02.2026,18:41:30,20.4,d
12.02.2026,18:50:30,20.4,d
12.02.2026,18:59:30,20.4,d
12.02.2026,19:08:32,20.4,d
12.02.2026,19:17:32,20.4,d
12.02.2026,19:26:32,20.4,d
12.02.2026,19:35:34,20.4,d
12.02.2026,19:44:34,20.4,d
12.02.2026,19:53:34,20.4,d
12.02.2026,20:02:34,20.4,d
12.02.2026,20:11:36,20.4,d
12.02.2026,20:20:36,20.4,d
12.02.2026,20:29:36,20.4,d
12.02.2026,20:38:38,20.4,d
12.02.2026,20:47:38,20.4,d
12.02.2026,20:56:38,20.4,d
12.02.2026,21:05:38,20.4,d
12.02.2026,21:14:40,20.4,d
12.02.2026,21:23:40,20.4,d
12.02.2026,21:32:40,20.4,d
12.02.2026,21:41:42,20.4,d
12.02.2026,21:50:42,20.4,d
12.02.2026,21:59:42,20.5,d
12.02.2026,22:08:42,20.4,d
12.02.2026,22:17:44,20.5,d
12.02.2026,22:26:44,20.5,d
12.02.2026,22:35:44,20.5,d
12.02.2026,22:44:44,20.5,d
12.02.2026,22:53:46,20.5,d
12.02.2026,23:02:46,20.5,d
12.02.2026,23:11:46,20.5,d
12.02.2026,23:20:48,20.5,d
12.02.2026,23:29:48,20.5,d
12.02.2026,23:38:48,20.5,d
12.02.2026,23:47:48,20.5,d
12.02.2026,23:56:50,20.5,d
13.02.2026,00:05:50,20.5,d
13.02.2026,00:14:50,20.5,d
13.02.2026,00:23:52,20.5,d
13.02.2026,00:32:52,20.5,d
13.02.2026,00:41:52,20.5,d
13.02.2026,00:50:54,20.5,d
13.02.2026,00:59:54,20.5,d
13.02.2026,01:08:54,20.5,d
13.02.2026,01:17:56,20.5,d
13.02.2026,01:26:56,20.5,d
13.02.2026,01:35:56,20.5,d
13.02.2026,01:44:56,20.5,d
13.02.2026,01:53:58,20.5,d
13.02.2026,02:02:58,20.5,d
13.02.2026,02:11:58,20.5,d
13.02.2026,02:21:00,20.5,d
13.02.2026,02:30:00,20.5,d
13.02.2026,02:39:00,20.5,d
13.02.2026,02:48:00,20.5,d
13.02.2026,02:57:02,20.5,d
13.02.2026,03:06:02,20.5,d
13.02.2026,03:15:02,20.5,d
13.02.2026,03:24:04,20.5,d
13.02.2026,03:33:04,20.5,d
13.02.2026,03:42:04,20.5,d
13.02.2026,03:51:04,20.5,d
13.02.2026,04:00:06,20.5,d
13.02.2026,04:09:06,20.5,d
13.02.2026,04:18:06,20.5,d
13.02.2026,04:27:08,20.5,d
13.02.2026,04:36:08,20.5,d
13.02.2026,04:45:08,20.5,d
13.02.2026,04:54:10,20.5,d
13.02.2026,05:03:10,20.5,d
13.02.2026,05:12:10,20.5,d
13.02.2026,05:21:10,20.5,d
13.02.2026,05:30:12,20.5,d
13.02.2026,05:39:12,20.5,d
13.02.2026,05:48:12,20.5,d
13.02.2026,05:57:14,20.5,d
13.02.2026,06:06:14,20.5,d
13.02.2026,06:15:14,20.5,d
13.02.2026,06:24:16,20.5,d
13.02.2026,06:33:16,20.5,d
13.02.2026,06:42:16,20.5,d
13.02.2026,06:51:18,20.5,d
13.02.2026,07:00:18,20.5,d
13.02.2026,07:09:18,20.5,d
13.02.2026,07:18:20,20.5,d
13.02.2026,07:27:20,20.5,d
13.02.2026,07:36:20,20.5,d
13.02.2026,07:45:20,20.5,d
13.02.2026,07:54:22,20.5,d
13.02.2026,08:03:22,20.5,d
13.02.2026,08:12:22,20.5,d
13.02.2026,08:21:24,20.5,d
13.02.2026,08:30:24,20.5,d
13.02.2026,08:39:24,20.5,d
13.02.2026,08:48:26,20.5,d
13.02.2026,08:57:26,20.5,d
13.02.2026,09:06:26,20.5,d
13.02.2026,09:15:28,20.5,d
13.02.2026,09:24:28,20.5,d
13.02.2026,09:33:28,20.5,d
13.02.2026,09:42:28,20.5,d
13.02.2026,09:51:30,20.5,d
13.02.2026,10:00:30,20.5,d
13.02.2026,10:09:30,20.5,d
13.02.2026,10:18:32,20.5,d
13.02.2026,10:27:32,20.5,d
13.02.2026,10:36:32,20.5,d
13.02.2026,10:45:32,20.5,d
13.02.2026,10:54:34,20.5,d
13.02.2026,11:03:34,20.6,d
13.02.2026,11:12:34,20.6,d
13.02.2026,11:21:36,20.5,d
13.02.2026,11:30:36,20.5,d
13.02.2026,11:39:36,20.6,d
13.02.2026,11:48:36,20.6,d
13.02.2026,11:57:38,20.6,d
13.02.2026,12:06:38,20.6,d
13.02.2026,12:15:38,20.6,d
13.02.2026,12:24:40,20.6,d
13.02.2026,12:33:40,20.6,d
13.02.2026,12:42:40,20.6,d
13.02.2026,12:51:40,20.6,d
13.02.2026,13:00:42,20.6,d
13.02.2026,13:09:42,20.6,d
13.02.2026,13:18:42,20.6,d
13.02.2026,13:27:44,20.6,d
13.02.2026,13:36:44,20.6,d
13.02.2026,13:45:44,20.6,d
13.02.2026,13:54:46,20.6,d
13.02.2026,14:03:46,20.6,d
13.02.2026,14:12:46,20.6,d
13.02.2026,14:21:46,20.6,d
13.02.2026,14:30:48,20.6,d
13.02.2026,14:39:48,20.6,d
13.02.2026,14:48:48,20.6,d
13.02.2026,14:57:50,20.6,d
13.02.2026,15:06:50,20.6,d
13.02.2026,15:15:50,20.6,d
13.02.2026,15:24:50,20.6,d
13.02.2026,15:33:52,20.7,d
13.02.2026,15:42:52,20.7,d
13.02.2026,15:51:52,20.7,d
13.02.2026,16:00:54,20.7,d
13.02.2026,16:09:54,20.7,d
13.02.2026,16:18:54,20.7,d
13.02.2026,16:27:54,20.7,d
13.02.2026,16:36:56,20.7,d
13.02.2026,16:45:56,20.7,d
13.02.2026,16:54:56,20.7,d
13.02.2026,17:03:56,20.7,d
13.02.2026,17:12:58,20.7,d
13.02.2026,17:21:58,20.7,d
13.02.2026,17:30:58,20.7,d
13.02.2026,17:39:58,20.6,d
13.02.2026,17:49:00,20.0,d
13.02.2026,17:58:00,19.6,d
13.02.2026,18:07:00,19.5,d
13.02.2026,18:16:02,19.4,d
13.02.2026,18:25:02,19.4,d
13.02.2026,18:34:02,19.4,d
13.02.2026,18:43:02,19.4,d
13.02.2026,18:52:04,19.4,d
13.02.2026,19:03:00,17.8,b
13.02.2026,19:03:00,18.4,t
13.02.2026,19:04:00,19.5,d
13.02.2026,19:10:04,19.5,d
13.02.2026,19:19:06,19.6,d
13.02.2026,19:28:06,19.6,d
13.02.2026,19:37:06,19.6,d
13.02.2026,20:46:28,20.2,d
13.02.2026,20:55:29,20.0,d
13.02.2026,21:04:29,19.7,d
13.02.2026,21:13:30,19.5,d
13.02.2026,21:22:31,19.4,d
13.02.2026,21:31:31,19.3,d
13.02.2026,21:40:32,19.2,d
13.02.2026,21:49:33,19.2,d
13.02.2026,21:58:33,19.1,d
13.02.2026,22:07:34,19.1,d
13.02.2026,22:16:34,19.1,d
13.02.2026,22:25:35,19.0,d
13.02.2026,22:34:36,19.0,d
13.02.2026,22:43:36,19.0,d
13.02.2026,22:52:37,19.0,d
13.02.2026,23:01:37,19.0,d
13.02.2026,23:10:38,19.0,d
13.02.2026,23:19:39,18.9,d
13.02.2026,23:28:39,18.9,d
13.02.2026,23:37:40,18.9,d
13.02.2026,23:46:40,18.9,d
13.02.2026,23:55:41,18.9,d
14.02.2026,00:04:41,18.9,d
14.02.2026,00:13:42,18.9,d
14.02.2026,00:22:43,18.9,d
14.02.2026,00:31:43,18.9,d
14.02.2026,00:40:44,18.9,d
14.02.2026,00:49:44,18.9,d
14.02.2026,00:58:45,18.9,d
14.02.2026,01:07:46,18.9,d
14.02.2026,01:16:46,18.8,d
14.02.2026,01:25:47,18.8,d
14.02.2026,01:34:48,18.8,d
14.02.2026,01:43:48,18.8,d
14.02.2026,01:52:49,18.8,d
14.02.2026,02:01:49,18.8,d
14.02.2026,02:10:50,18.8,d
14.02.2026,02:19:50,18.8,d
14.02.2026,02:28:51,18.8,d
14.02.2026,02:37:51,18.8,d
14.02.2026,02:46:52,18.8,d
14.02.2026,02:55:53,18.8,d
14.02.2026,03:04:53,18.8,d
14.02.2026,03:13:54,18.8,d
14.02.2026,03:22:55,18.8,d
14.02.2026,03:31:55,18.8,d
14.02.2026,03:40:56,18.7,d
14.02.2026,03:49:56,18.8,d
14.02.2026,03:58:57,18.7,d
14.02.2026,04:07:58,18.8,d
14.02.2026,04:16:58,18.7,d
14.02.2026,04:25:59,18.7,d
14.02.2026,04:35:00,18.7,d
14.02.2026,04:44:00,18.7,d
14.02.2026,04:53:01,18.7,d
14.02.2026,05:02:02,18.7,d
14.02.2026,05:11:02,18.7,d
14.02.2026,05:20:03,18.7,d
14.02.2026,05:29:04,18.7,d
14.02.2026,05:38:04,18.7,d
14.02.2026,05:47:05,18.7,d
14.02.2026,05:56:05,18.7,d
14.02.2026,06:05:06,18.7,d
14.02.2026,06:14:07,18.7,d
14.02.2026,06:23:07,18.7,d
14.02.2026,06:32:08,18.7,d
14.02.2026,06:41:08,18.7,d
14.02.2026,06:50:09,18.7,d
14.02.2026,06:59:10,18.7,d
14.02.2026,07:08:10,18.7,d
14.02.2026,07:17:11,18.7,d
14.02.2026,07:26:11,18.7,d
14.02.2026,07:35:12,18.7,d
14.02.2026,07:44:13,18.7,d
14.02.2026,07:53:13,18.7,d
14.02.2026,08:02:14,18.7,d
14.02.2026,08:11:15,18.7,d
14.02.2026,08:20:15,18.7,d
14.02.2026,08:29:16,18.7,d
14.02.2026,08:38:16,18.7,d
14.02.2026,08:47:17,18.7,d
14.02.2026,08:56:17,18.7,d
14.02.2026,09:05:18,18.7,d
15.02.2026,15:51:47,18.7,d
15.02.2026,16:00:48,18.9,d
15.02.2026,16:09:48,18.8,d
15.02.2026,16:18:49,18.8,d
15.02.2026,16:27:49,18.7,d
15.02.2026,16:36:50,18.7,d
15.02.2026,16:45:50,18.7,d
15.02.2026,16:54:51,18.7,d
15.02.2026,17:03:52,18.8,d
15.02.2026,17:12:52,19.2,d
15.02.2026,17:21:53,19.3,d
15.02.2026,17:30:54,19.3,d
15.02.2026,17:39:54,19.3,d
15.02.2026,17:48:55,19.2,d
15.02.2026,17:57:56,19.2,d
15.02.2026,18:06:56,19.6,d
15.02.2026,18:15:57,19.4,d
15.02.2026,18:24:58,19.3,d
15.02.2026,18:33:58,19.2,d
15.02.2026,18:42:59,19.1,d
15.02.2026,18:52:00,19.1,d
15.02.2026,19:01:00,19.0,d
15.02.2026,19:05:00,18.3,t
15.02.2026,19:06:00,17.8,b
15.02.2026,19:10:01,19.5,d
15.02.2026,19:19:02,19.7,d
15.02.2026,19:28:02,20.0,d
15.02.2026,19:37:03,20.2,d
15.02.2026,19:46:04,20.3,d
15.02.2026,19:55:04,20.5,d
15.02.2026,20:04:05,20.8,d
15.02.2026,20:13:06,20.7,d
15.02.2026,20:22:06,20.7,d
15.02.2026,20:31:07,20.6,d
15.02.2026,20:40:07,20.5,d
15.02.2026,20:49:08,20.7,d
15.02.2026,20:56:00,18.9,b
15.02.2026,20:56:00,19.6,t
15.02.2026,20:58:10,21.0,d
15.02.2026,21:07:10,20.6,d
15.02.2026,21:13:00,20.7,d
15.02.2026,21:16:12,20.6,d
15.02.2026,21:25:12,20.3,d
15.02.2026,21:34:12,20.1,d
15.02.2026,21:43:12,20.0,d
15.02.2026,21:52:12,19.9,d
15.02.2026,22:01:12,19.8,d
15.02.2026,22:10:14,19.7,d
15.02.2026,22:19:14,19.6,d
15.02.2026,22:28:14,19.6,d
15.02.2026,22:37:14,19.5,d
15.02.2026,22:46:16,19.5,d
15.02.2026,22:55:16,19.4,d
15.02.2026,23:04:16,19.4,d
15.02.2026,23:13:16,19.3,d
15.02.2026,23:22:16,19.3,d
15.02.2026,23:31:16,19.2,d
15.02.2026,23:40:18,19.2,d
15.02.2026,23:49:18,19.2,d
15.02.2026,23:58:18,19.2,d
16.02.2026,00:07:18,19.1,d
16.02.2026,00:16:18,19.1,d
16.02.2026,00:25:18,19.1,d
16.02.2026,00:34:20,19.0,d
16.02.2026,00:52:20,19.0,d
16.02.2026,01:01:20,19.0,d
16.02.2026,01:10:20,19.0,d
16.02.2026,01:19:22,18.9,d
16.02.2026,01:28:22,19.0,d
16.02.2026,01:37:22,19.0,d
16.02.2026,01:46:22,18.9,d
16.02.2026,01:55:24,18.9,d
16.02.2026,02:04:24,18.9,d
16.02.2026,02:13:24,18.9,d
16.02.2026,02:22:24,18.9,d
16.02.2026,02:31:24,18.9,d
16.02.2026,02:40:26,18.9,d
16.02.2026,02:49:26,18.9,d
16.02.2026,02:58:26,18.8,d
16.02.2026,03:07:26,18.8,d
16.02.2026,03:16:28,18.8,d
16.02.2026,03:25:28,18.8,d
16.02.2026,03:34:28,18.8,d
16.02.2026,03:43:28,18.8,d
16.02.2026,03:52:28,18.8,d
16.02.2026,04:01:30,18.8,d
16.02.2026,04:10:30,18.8,d
16.02.2026,04:19:30,18.8,d
16.02.2026,04:28:30,18.8,d
16.02.2026,04:37:30,18.8,d
16.02.2026,04:46:32,18.8,d
16.02.2026,04:55:32,18.7,d
16.02.2026,05:04:32,18.8,d
16.02.2026,05:13:32,18.7,d
16.02.2026,05:22:34,18.7,d
16.02.2026,05:31:34,18.7,d
16.02.2026,05:40:34,18.7,d
16.02.2026,05:49:34,18.7,d
16.02.2026,05:58:34,18.7,d
16.02.2026,06:07:34,18.7,d
16.02.2026,06:16:36,18.7,d
16.02.2026,06:25:36,18.7,d
16.02.2026,06:34:36,18.7,d
16.02.2026,06:43:36,18.7,d
16.02.2026,06:52:36,18.7,d
16.02.2026,07:01:38,18.7,d
16.02.2026,07:10:38,18.7,d
16.02.2026,07:19:38,18.7,d
16.02.2026,07:28:38,18.7,d
16.02.2026,07:37:40,18.7,d
16.02.2026,07:46:40,18.7,d
16.02.2026,07:55:40,18.7,d
16.02.2026,08:04:40,18.7,d
16.02.2026,08:13:40,18.7,d
16.02.2026,08:22:42,18.6,d
16.02.2026,08:31:42,18.6,d
16.02.2026,08:40:42,18.6,d
16.02.2026,08:49:42,18.6,d
16.02.2026,08:58:44,18.6,d
16.02.2026,09:07:44,18.6,d
16.02.2026,09:16:44,18.6,d
16.02.2026,09:25:44,18.6,d
16.02.2026,09:34:44,18.6,d
16.02.2026,09:43:46,18.6,d
16.02.2026,09:52:46,18.6,d
16.02.2026,10:01:46,18.6,d
16.02.2026,10:10:46,18.6,d
16.02.2026,10:19:46,18.6,d
16.02.2026,10:28:48,18.5,d
16.02.2026,10:37:48,18.6,d
16.02.2026,10:46:48,18.6,d
16.02.2026,10:55:48,18.6,d
16.02.2026,11:04:48,18.6,d
16.02.2026,11:13:50,18.6,d
16.02.2026,11:22:50,18.6,d
16.02.2026,11:31:50,18.6,d
16.02.2026,11:40:50,18.6,d
16.02.2026,11:49:50,18.6,d
16.02.2026,11:58:52,18.6,d
16.02.2026,12:07:52,18.6,d
16.02.2026,12:16:52,18.6,d
16.02.2026,12:25:52,18.6,d
16.02.2026,12:34:54,18.6,d
16.02.2026,12:43:54,18.6,d
16.02.2026,12:52:54,18.6,d
16.02.2026,13:01:54,18.6,d
16.02.2026,13:10:56,18.6,d
16.02.2026,13:19:56,18.6,d
16.02.2026,13:28:56,18.6,d
16.02.2026,13:37:56,18.6,d
16.02.2026,13:46:56,18.6,d
16.02.2026,13:55:58,18.6,d
16.02.2026,14:04:58,18.6,d
16.02.2026,14:13:58,18.6,d
16.02.2026,14:22:58,18.6,d
16.02.2026,14:32:00,18.6,d
16.02.2026,14:41:00,18.6,d
16.02.2026,14:50:00,18.6,d
16.02.2026,14:59:00,18.6,d
16.02.2026,15:08:02,18.6,d
16.02.2026,15:17:02,18.6,d
16.02.2026,15:26:02,18.6,d
16.02.2026,15:35:02,18.6,d
16.02.2026,15:44:04,18.6,d
16.02.2026,15:53:04,18.6,d
16.02.2026,16:02:04,18.6,d
16.02.2026,16:11:04,18.6,d
16.02.2026,16:20:06,18.6,d
16.02.2026,16:29:06,18.6,d
16.02.2026,16:38:06,18.6,d
16.02.2026,16:47:06,18.6,d
16.02.2026,16:56:08,18.6,d
16.02.2026,17:05:08,18.6,d
16.02.2026,17:14:08,18.6,d
16.02.2026,17:23:08,18.6,d
16.02.2026,17:32:10,18.6,d
16.02.2026,18:26:12,19.1,d
16.02.2026,18:35:12,19.1,d
16.02.2026,18:44:14,19.1,d
16.02.2026,18:53:14,19.1,d
16.02.2026,19:02:14,19.1,d
16.02.2026,19:11:16,19.0,d
16.02.2026,19:20:16,19.0,d
16.02.2026,19:29:16,19.0,d
16.02.2026,19:38:18,19.0,d
16.02.2026,19:47:18,19.0,d
16.02.2026,19:56:18,19.0,d
16.02.2026,20:05:18,19.0,d
16.02.2026,20:14:20,18.9,d
16.02.2026,20:23:20,18.9,d
16.02.2026,20:32:20,19.0,d
16.02.2026,20:41:22,18.9,d
16.02.2026,20:50:22,18.9,d
16.02.2026,20:59:22,18.9,d
16.02.2026,21:08:22,18.9,d
16.02.2026,21:17:24,18.9,d
16.02.2026,21:26:24,18.9,d
16.02.2026,21:35:24,18.9,d
16.02.2026,21:44:26,18.9,d
16.02.2026,21:53:26,18.9,d
16.02.2026,22:02:26,18.9,d
16.02.2026,22:11:28,18.9,d
16.02.2026,22:20:28,18.8,d
16.02.2026,22:29:28,18.9,d
16.02.2026,22:38:30,18.8,d
16.02.2026,22:47:30,18.8,d
16.02.2026,22:56:30,18.8,d
16.02.2026,23:05:32,18.8,d
16.02.2026,23:14:32,18.8,d
16.02.2026,23:23:32,18.8,d
16.02.2026,23:32:32,18.8,d
16.02.2026,23:41:34,18.8,d
16.02.2026,23:50:34,18.8,d
16.02.2026,23:59:34,18.8,d
17.02.2026,00:08:36,18.8,d
17.02.2026,00:17:36,18.8,d
17.02.2026,00:26:36,18.8,d
17.02.2026,00:35:38,18.8,d
17.02.2026,00:44:38,18.8,d
17.02.2026,00:53:38,18.8,d
17.02.2026,01:02:40,18.8,d
17.02.2026,01:11:40,18.8,d
17.02.2026,01:20:40,18.8,d
17.02.2026,01:29:42,18.7,d
17.02.2026,01:38:42,18.7,d
17.02.2026,01:47:42,18.7,d
17.02.2026,01:56:42,18.7,d
17.02.2026,02:05:44,18.7,d
17.02.2026,02:14:44,18.7,d
17.02.2026,02:23:44,18.7,d
17.02.2026,02:32:46,18.7,d
17.02.2026,02:41:46,18.7,d
17.02.2026,02:50:46,18.7,d
17.02.2026,02:59:48,18.7,d
17.02.2026,03:08:48,18.7,d
17.02.2026,03:17:48,18.7,d
17.02.2026,03:26:50,18.7,d
17.02.2026,03:35:50,18.7,d
17.02.2026,03:44:50,18.7,d
17.02.2026,03:53:50,18.7,d
17.02.2026,04:02:52,18.6,d
17.02.2026,04:11:52,18.6,d
17.02.2026,04:20:52,18.6,d
17.02.2026,04:29:54,18.6,d
17.02.2026,04:38:54,18.6,d
17.02.2026,04:47:54,18.6,d
17.02.2026,04:56:56,18.6,d
17.02.2026,05:05:56,18.6,d
17.02.2026,05:14:56,18.6,d
17.02.2026,05:23:56,18.6,d
17.02.2026,05:32:58,18.6,d
17.02.2026,05:41:58,18.6,d
17.02.2026,05:50:58,18.6,d
17.02.2026,06:00:00,18.6,d
17.02.2026,06:09:00,18.6,d
17.02.2026,06:18:00,18.6,d
17.02.2026,06:27:02,18.6,d
17.02.2026,06:36:02,18.5,d
17.02.2026,06:45:02,18.5,d
17.02.2026,06:54:04,18.5,d
17.02.2026,07:03:04,18.5,d
17.02.2026,07:12:04,18.5,d
17.02.2026,07:21:06,18.5,d
17.02.2026,07:30:06,18.5,d
17.02.2026,07:39:06,18.5,d
17.02.2026,07:48:08,18.5,d
17.02.2026,07:57:08,18.5,d
17.02.2026,08:06:08,18.5,d
17.02.2026,08:15:10,18.5,d
17.02.2026,08:24:10,18.5,d
17.02.2026,08:33:10,18.5,d
17.02.2026,08:42:12,18.5,d
17.02.2026,08:51:12,18.5,d
17.02.2026,09:00:12,18.5,d
17.02.2026,09:09:14,18.5,d
17.02.2026,09:18:14,18.5,d
17.02.2026,09:27:14,18.5,d
17.02.2026,09:36:16,18.5,d
17.02.2026,09:45:16,18.5,d
17.02.2026,09:54:16,18.5,d
17.02.2026,10:03:16,18.4,d
17.02.2026,10:12:18,18.4,d
17.02.2026,10:21:18,18.4,d
17.02.2026,10:30:18,18.4,d
17.02.2026,10:39:20,18.4,d
17.02.2026,10:48:20,18.4,d
17.02.2026,10:57:20,18.4,d
17.02.2026,11:06:20,18.4,d
17.02.2026,11:15:22,18.4,d
17.02.2026,11:24:22,18.4,d
17.02.2026,11:33:22,18.4,d
17.02.2026,11:42:24,18.4,d
17.02.2026,11:51:24,18.4,d
17.02.2026,12:00:24,18.4,d
17.02.2026,12:09:26,18.4,d
17.02.2026,12:18:26,18.4,d
17.02.2026,12:27:26,18.4,d
17.02.2026,12:36:28,18.4,d
17.02.2026,12:45:28,18.4,d
17.02.2026,12:54:28,18.4,d
17.02.2026,13:03:30,18.4,d
17.02.2026,13:12:30,18.4,d
17.02.2026,13:21:32,18.4,d
17.02.2026,13:30:32,18.4,d
17.02.2026,13:39:32,18.4,d
17.02.2026,13:48:34,18.4,d
17.02.2026,13:57:34,18.4,d
17.02.2026,14:06:34,18.4,d
17.02.2026,14:15:36,18.4,d
17.02.2026,14:24:36,18.4,d
17.02.2026,14:33:36,18.4,d
17.02.2026,14:42:38,18.4,d
17.02.2026,14:51:38,18.4,d
17.02.2026,15:00:38,18.4,d
17.02.2026,15:09:40,18.5,d
17.02.2026,15:18:40,18.4,d
17.02.2026,15:27:40,18.5,d
17.02.2026,15:36:42,18.4,d
17.02.2026,15:45:42,18.5,d
17.02.2026,15:54:42,18.5,d
17.02.2026,16:03:44,18.5,d
17.02.2026,16:12:44,18.5,d
17.02.2026,16:21:44,18.5,d
17.02.2026,16:30:46,18.5,d
17.02.2026,16:39:46,18.5,d
17.02.2026,16:48:46,18.5,d
17.02.2026,16:57:48,18.5,d
17.02.2026,17:06:48,18.5,d
17.02.2026,17:15:48,18.5,d
17.02.2026,17:24:50,18.5,d
17.02.2026,17:33:50,18.5,d
17.02.2026,17:42:50,18.5,d
17.02.2026,17:51:50,18.5,d
17.02.2026,18:00:52,18.5,d
17.02.2026,18:09:52,18.5,d
17.02.2026,18:18:52,18.5,d
17.02.2026,18:27:54,18.5,d
17.02.2026,18:36:54,18.5,d
17.02.2026,18:45:54,18.5,d
17.02.2026,18:54:56,18.5,d
17.02.2026,19:03:56,18.5,d
17.02.2026,19:12:56,18.5,d
17.02.2026,19:21:58,18.5,d
17.02.2026,19:30:58,18.5,d
17.02.2026,19:39:58,18.5,d
17.02.2026,19:49:00,18.5,d
17.02.2026,19:58:00,18.5,d
17.02.2026,20:07:00,18.5,d
17.02.2026,20:16:00,18.5,d
17.02.2026,20:25:02,18.5,d
17.02.2026,20:34:02,18.5,d
17.02.2026,20:43:02,18.5,d
17.02.2026,20:52:04,18.5,d
17.02.2026,21:01:04,18.5,d
17.02.2026,21:10:04,18.5,d
17.02.2026,21:19:06,18.5,d
17.02.2026,21:28:06,18.5,d
17.02.2026,21:37:06,18.5,d
17.02.2026,21:46:08,18.5,d
17.02.2026,21:55:08,18.5,d
17.02.2026,22:04:08,18.5,d
17.02.2026,22:13:08,18.5,d
17.02.2026,22:22:10,18.5,d
17.02.2026,22:31:10,18.5,d
17.02.2026,22:40:10,18.5,d
17.02.2026,22:49:12,18.5,d
17.02.2026,22:58:12,18.5,d
17.02.2026,23:07:12,18.5,d
17.02.2026,23:16:14,18.5,d
17.02.2026,23:25:14,18.5,d
17.02.2026,23:34:14,18.5,d
17.02.2026,23:43:16,18.5,d
17.02.2026,23:52:16,18.5,d
18.02.2026,00:01:16,18.5,d
18.02.2026,00:10:16,18.5,d
18.02.2026,00:19:18,18.5,d
18.02.2026,00:28:18,18.5,d
18.02.2026,00:37:18,18.5,d
18.02.2026,00:46:20,18.5,d
18.02.2026,00:55:20,18.5,d
18.02.2026,01:04:20,18.5,d
18.02.2026,01:13:22,18.5,d
18.02.2026,01:22:22,18.5,d
18.02.2026,01:31:22,18.5,d
18.02.2026,01:40:24,18.5,d
18.02.2026,01:49:24,18.5,d
18.02.2026,01:58:24,18.5,d
18.02.2026,02:07:26,18.5,d
18.02.2026,02:16:26,18.5,d
18.02.2026,02:25:26,18.5,d
18.02.2026,02:34:28,18.5,d
18.02.2026,02:43:28,18.5,d
18.02.2026,02:52:28,18.5,d
18.02.2026,03:01:28,18.5,d
18.02.2026,03:10:30,18.5,d
18.02.2026,03:19:30,18.5,d
18.02.2026,03:28:30,18.5,d
18.02.2026,03:37:32,18.5,d
18.02.2026,03:46:32,18.5,d
18.02.2026,03:55:32,18.5,d
18.02.2026,04:04:32,18.5,d
18.02.2026,04:13:34,18.5,d
18.02.2026,04:22:34,18.5,d
18.02.2026,04:31:34,18.5,d
18.02.2026,04:40:36,18.5,d
18.02.2026,04:49:36,18.5,d
18.02.2026,04:58:36,18.5,d
18.02.2026,05:07:38,18.5,d
18.02.2026,05:16:38,18.4,d
18.02.2026,05:25:40,18.5,d
18.02.2026,05:34:40,18.4,d
18.02.2026,05:43:40,18.4,d
18.02.2026,05:52:40,18.4,d
18.02.2026,06:01:42,18.4,d
18.02.2026,06:10:42,18.4,d
18.02.2026,06:19:42,18.4,d
18.02.2026,06:28:42,18.4,d
18.02.2026,06:37:44,18.4,d
18.02.2026,06:46:44,18.5,d
18.02.2026,06:55:44,18.4,d
18.02.2026,07:04:46,18.4,d
18.02.2026,07:13:46,18.4,d
18.02.2026,07:22:46,18.4,d
18.02.2026,07:31:48,18.4,d
18.02.2026,07:40:48,18.4,d
18.02.2026,07:49:48,18.4,d
18.02.2026,07:58:50,18.4,d
18.02.2026,08:07:50,18.4,d
18.02.2026,08:16:50,18.4,d
18.02.2026,08:25:52,18.4,d
18.02.2026,08:34:52,18.4,d
18.02.2026,08:43:52,18.4,d
18.02.2026,08:52:54,18.4,d
18.02.2026,09:01:54,18.4,d
18.02.2026,09:10:54,18.4,d
18.02.2026,09:19:56,18.4,d
18.02.2026,09:28:56,18.4,d
18.02.2026,09:37:56,18.4,d
18.02.2026,09:46:58,18.4,d
18.02.2026,09:55:58,18.5,d
18.02.2026,10:04:58,18.4,d
18.02.2026,10:13:58,18.4,d
18.02.2026,10:23:00,18.4,d
18.02.2026,10:32:00,18.4,d
18.02.2026,10:41:00,18.4,d
18.02.2026,10:50:02,18.4,d
18.02.2026,10:59:02,18.4,d
18.02.2026,11:08:02,18.4,d
18.02.2026,11:17:04,18.4,d
18.02.2026,11:26:04,18.4,d
18.02.2026,11:35:06,18.4,d
18.02.2026,11:44:06,18.4,d
18.02.2026,11:53:06,18.5,d
18.02.2026,12:02:08,18.4,d
18.02.2026,12:11:08,18.4,d
18.02.2026,12:20:08,18.4,d
18.02.2026,12:29:10,18.4,d
18.02.2026,12:38:10,18.5,d
18.02.2026,12:47:10,18.5,d
18.02.2026,12:56:12,18.5,d
18.02.2026,13:05:12,18.4,d
18.02.2026,13:14:14,18.5,d
18.02.2026,13:23:14,18.5,d
18.02.2026,13:32:14,18.4,d
18.02.2026,13:41:16,18.5,d
18.02.2026,13:50:16,18.5,d
18.02.2026,13:59:16,18.5,d
18.02.2026,14:08:18,18.5,d
18.02.2026,14:17:18,18.5,d
18.02.2026,14:26:18,18.5,d
18.02.2026,14:35:20,18.7,d
18.02.2026,14:44:20,19.1,d
18.02.2026,14:53:20,19.5,d
18.02.2026,15:02:22,19.9,d
18.02.2026,15:11:22,20.2,d
18.02.2026,15:20:22,20.5,d
18.02.2026,15:29:24,20.7,d
18.02.2026,15:38:24,20.9,d
18.02.2026,15:47:24,21.1,d
18.02.2026,16:05:26,21.5,d
18.02.2026,16:14:26,21.7,d
18.02.2026,16:23:28,21.7,d
18.02.2026,16:32:28,21.7,d
18.02.2026,16:41:28,21.8,d
18.02.2026,16:50:28,22.1,d
18.02.2026,16:59:30,22.1,d
18.02.2026,17:53:32,22.5,d
18.02.2026,18:02:32,22.3,d
18.02.2026,18:11:34,21.8,d
18.02.2026,18:20:34,21.7,d
18.02.2026,18:29:34,21.7,d
18.02.2026,18:38:34,21.5,d
18.02.2026,18:47:34,21.4,d
18.02.2026,18:56:36,21.3,d
18.02.2026,19:05:36,21.2,d
18.02.2026,19:14:36,21.0,d
18.02.2026,19:23:36,20.9,d
18.02.2026,19:32:36,20.8,d
18.02.2026,19:41:38,20.7,d
18.02.2026,19:50:38,20.6,d
18.02.2026,19:59:38,20.6,d
18.02.2026,20:08:38,20.5,d
18.02.2026,20:17:40,20.4,d
18.02.2026,20:26:40,20.4,d
18.02.2026,20:35:40,20.3,d
18.02.2026,20:44:40,20.3,d
18.02.2026,20:53:42,20.3,d
18.02.2026,21:02:42,20.2,d
18.02.2026,21:11:42,20.2,d
18.02.2026,21:20:42,20.2,d
18.02.2026,21:29:42,20.2,d
18.02.2026,21:38:44,20.1,d
18.02.2026,21:47:44,20.1,d
18.02.2026,21:56:44,20.0,d
18.02.2026,22:05:44,20.0,d
18.02.2026,22:14:44,20.0,d
18.02.2026,22:23:44,20.0,d
18.02.2026,22:32:46,19.9,d
18.02.2026,22:41:46,19.9,d
18.02.2026,22:50:46,19.9,d
18.02.2026,22:59:46,19.8,d
18.02.2026,23:08:46,19.8,d
18.02.2026,23:17:46,19.8,d
18.02.2026,23:26:48,19.8,d
18.02.2026,23:35:48,19.7,d
18.02.2026,23:44:48,19.7,d
18.02.2026,23:53:48,19.7,d
19.02.2026,00:02:48,19.7,d
19.02.2026,00:11:50,19.6,d
19.02.2026,00:20:50,19.6,d
19.02.2026,00:29:50,19.6,d
19.02.2026,00:38:50,19.6,d
19.02.2026,00:47:50,19.6,d
19.02.2026,00:56:52,19.6,d
19.02.2026,01:05:52,19.6,d
19.02.2026,01:14:52,19.5,d
19.02.2026,01:23:52,19.5,d
19.02.2026,01:32:54,19.5,d
19.02.2026,01:41:54,19.5,d
19.02.2026,01:50:54,19.5,d
19.02.2026,01:59:54,19.5,d
19.02.2026,02:08:54,19.4,d
19.02.2026,02:17:56,19.4,d
19.02.2026,02:26:56,19.4,d
19.02.2026,02:35:56,19.4,d
19.02.2026,02:44:56,19.4,d
19.02.2026,02:53:56,19.4,d
19.02.2026,03:02:58,19.4,d
19.02.2026,03:11:58,19.3,d
19.02.2026,03:20:58,19.3,d
19.02.2026,03:29:58,19.3,d
19.02.2026,03:38:58,19.3,d
19.02.2026,03:48:00,19.3,d
19.02.2026,03:57:00,19.3,d
19.02.2026,04:06:00,19.3,d
19.02.2026,04:15:00,19.2,d
19.02.2026,04:24:00,19.3,d
19.02.2026,04:33:00,19.2,d
19.02.2026,04:42:02,19.2,d
19.02.2026,04:51:02,19.2,d
19.02.2026,05:00:02,19.2,d
19.02.2026,05:09:02,19.2,d
19.02.2026,05:18:02,19.2,d
19.02.2026,05:27:04,19.2,d
19.02.2026,05:36:04,19.2,d
19.02.2026,05:45:04,19.2,d
19.02.2026,05:54:04,19.2,d
19.02.2026,06:03:04,19.2,d
19.02.2026,06:12:06,19.2,d
19.02.2026,06:21:06,19.2,d
19.02.2026,06:30:06,19.2,d
19.02.2026,06:39:06,19.2,d
19.02.2026,06:48:08,19.2,d
19.02.2026,06:57:08,19.2,d
19.02.2026,07:06:08,19.2,d
19.02.2026,07:15:08,19.2,d
19.02.2026,07:24:08,19.2,d
19.02.2026,07:33:08,19.2,d
19.02.2026,07:42:10,19.1,d
19.02.2026,07:51:10,19.2,d
19.02.2026,08:00:10,19.2,d
19.02.2026,08:09:10,19.2,d
19.02.2026,08:18:10,19.1,d
19.02.2026,08:27:12,19.1,d
19.02.2026,08:36:12,19.1,d
19.02.2026,08:45:12,19.1,d
19.02.2026,08:54:12,19.1,d
19.02.2026,09:03:12,19.1,d
19.02.2026,09:12:14,19.1,d
19.02.2026,09:21:14,19.1,d
19.02.2026,09:30:14,19.1,d
19.02.2026,09:39:14,19.1,d
19.02.2026,09:48:14,19.1,d
19.02.2026,09:57:14,19.1,d
19.02.2026,10:06:16,19.1,d
19.02.2026,10:15:16,19.1,d
19.02.2026,10:24:16,19.1,d
19.02.2026,10:33:16,19.1,d
19.02.2026,10:42:16,19.1,d
19.02.2026,10:51:18,19.1,d
19.02.2026,11:00:18,19.1,d
19.02.2026,11:09:18,19.1,d
19.02.2026,11:18:18,19.1,d
19.02.2026,11:27:18,19.1,d
19.02.2026,11:36:18,19.1,d
19.02.2026,11:45:20,19.1,d
19.02.2026,11:54:20,19.1,d
19.02.2026,12:03:20,19.1,d
19.02.2026,12:12:20,19.1,d
19.02.2026,12:21:22,19.1,d
19.02.2026,12:30:22,19.1,d
19.02.2026,12:39:22,19.1,d
19.02.2026,12:48:22,19.1,d
19.02.2026,12:57:22,19.0,d
19.02.2026,13:06:24,19.1,d
19.02.2026,13:15:24,19.0,d
19.02.2026,13:24:24,19.0,d
19.02.2026,13:33:26,19.0,d
19.02.2026,13:42:26,19.0,d
19.02.2026,13:51:26,19.0,d
19.02.2026,14:00:26,19.0,d
19.02.2026,14:09:26,19.0,d
19.02.2026,14:18:28,19.0,d
19.02.2026,14:27:28,19.0,d
19.02.2026,14:36:28,19.0,d
19.02.2026,14:45:28,19.0,d
19.02.2026,14:54:28,19.0,d
19.02.2026,15:03:30,19.0,d
19.02.2026,15:12:30,19.0,d
19.02.2026,15:21:30,19.0,d
19.02.2026,15:30:30,19.0,d
19.02.2026,15:39:30,19.0,d
19.02.2026,15:48:32,19.0,d
19.02.2026,15:57:32,19.0,d
19.02.2026,16:06:32,19.0,d
19.02.2026,16:15:32,18.9,d
19.02.2026,16:24:32,19.0,d
19.02.2026,16:33:34,19.0,d
19.02.2026,16:42:34,18.9,d
19.02.2026,16:51:34,18.9,d
19.02.2026,17:00:34,18.9,d
19.02.2026,17:09:34,19.0,d
19.02.2026,17:18:36,19.2,d
19.02.2026,17:27:36,19.4,d
19.02.2026,17:36:36,19.7,d
19.02.2026,17:45:36,19.9,d
19.02.2026,17:54:38,20.1,d
19.02.2026,18:03:38,20.3,d
19.02.2026,18:12:38,20.4,d
19.02.2026,19:06:40,21.7,d
19.02.2026,19:15:42,21.5,d
19.02.2026,19:24:42,21.3,d
19.02.2026,19:33:42,21.1,d
19.02.2026,19:42:44,21.0,d
19.02.2026,19:51:44,20.9,d
19.02.2026,20:00:44,20.7,d
19.02.2026,20:09:44,20.7,d
19.02.2026,20:18:44,20.6,d
19.02.2026,20:27:46,20.5,d
19.02.2026,20:36:46,20.5,d
19.02.2026,20:45:46,20.4,d
19.02.2026,20:54:46,20.4,d
19.02.2026,21:03:48,20.3,d
19.02.2026,21:12:48,20.3,d
19.02.2026,21:21:48,20.3,d
19.02.2026,21:30:48,20.3,d
19.02.2026,21:39:50,20.2,d
19.02.2026,21:48:50,20.2,d
19.02.2026,21:57:50,20.1,d
19.02.2026,22:06:52,20.1,d
19.02.2026,22:15:52,20.1,d
19.02.2026,22:24:52,20.1,d
19.02.2026,22:33:52,20.0,d
19.02.2026,22:42:54,20.0,d
19.02.2026,22:51:54,20.0,d
19.02.2026,23:00:54,20.0,d
19.02.2026,23:09:56,20.0,d
19.02.2026,23:18:56,19.9,d
19.02.2026,23:27:56,19.9,d
19.02.2026,23:36:56,19.9,d
19.02.2026,23:45:58,19.9,d
19.02.2026,23:54:58,19.8,d
20.02.2026,00:03:58,19.8,d
20.02.2026,00:13:00,19.8,d
20.02.2026,00:22:00,19.8,d
20.02.2026,00:31:00,19.8,d
20.02.2026,00:40:00,19.7,d
20.02.2026,00:49:02,19.7,d
20.02.2026,00:58:02,19.7,d
20.02.2026,01:07:02,19.7,d
20.02.2026,01:16:04,19.7,d
20.02.2026,01:25:04,19.7,d
20.02.2026,01:34:04,19.7,d
20.02.2026,01:43:04,19.6,d
20.02.2026,01:52:06,19.6,d
20.02.2026,02:01:06,19.6,d
20.02.2026,02:10:06,19.6,d
20.02.2026,02:19:06,19.6,d
20.02.2026,02:28:08,19.6,d
20.02.2026,02:37:08,19.6,d
20.02.2026,02:46:08,19.6,d
20.02.2026,02:55:10,19.6,d
20.02.2026,03:04:10,19.6,d
20.02.2026,03:13:10,19.6,d
20.02.2026,03:22:12,19.6,d
20.02.2026,03:31:12,19.6,d
20.02.2026,03:40:12,19.6,d
20.02.2026,03:49:12,19.5,d
20.02.2026,03:58:14,19.5,d
20.02.2026,04:07:14,19.5,d
20.02.2026,04:16:14,19.5,d
20.02.2026,04:25:14,19.5,d
20.02.2026,04:34:16,19.5,d
20.02.2026,04:43:16,19.5,d
20.02.2026,04:52:16,19.5,d
20.02.2026,05:01:18,19.5,d
20.02.2026,05:10:18,19.5,d
20.02.2026,05:19:18,19.5,d
20.02.2026,05:28:20,19.5,d
20.02.2026,05:37:20,19.4,d
20.02.2026,05:46:20,19.4,d
20.02.2026,05:55:20,19.4,d
20.02.2026,06:04:22,19.4,d
20.02.2026,06:13:22,19.4,d
20.02.2026,06:22:22,19.4,d
20.02.2026,06:31:24,19.4,d
20.02.2026,06:40:24,19.4,d
20.02.2026,06:49:24,19.4,d
20.02.2026,06:58:24,19.4,d
20.02.2026,07:07:26,19.4,d
20.02.2026,07:16:26,19.4,d
20.02.2026,07:25:26,19.3,d
20.02.2026,07:34:26,19.3,d
20.02.2026,07:43:28,19.3,d
20.02.2026,07:52:28,19.3,d
20.02.2026,08:01:28,19.3,d
20.02.2026,08:10:30,19.3,d
20.02.2026,08:19:30,19.3,d
20.02.2026,08:28:30,19.3,d
20.02.2026,08:37:32,19.3,d
20.02.2026,08:46:32,19.3,d
20.02.2026,08:55:32,19.3,d
20.02.2026,09:04:32,19.3,d
20.02.2026,09:13:34,19.2,d
20.02.2026,09:22:34,19.2,d
20.02.2026,09:31:34,19.2,d
20.02.2026,09:40:34,19.2,d
20.02.2026,09:49:36,19.2,d
20.02.2026,09:58:36,19.2,d
20.02.2026,10:07:36,19.2,d
20.02.2026,10:16:38,19.2,d
20.02.2026,10:25:38,19.2,d
20.02.2026,10:34:38,19.2,d
20.02.2026,10:43:38,19.2,d
20.02.2026,10:52:40,19.2,d
20.02.2026,11:01:40,19.2,d
20.02.2026,11:10:40,19.2,d
20.02.2026,11:19:42,19.2,d
20.02.2026,11:28:42,19.2,d
20.02.2026,11:37:42,19.2,d
20.02.2026,11:46:44,19.2,d
20.02.2026,11:55:44,19.2,d
20.02.2026,12:04:44,19.1,d
20.02.2026,12:13:44,19.2,d
20.02.2026,12:22:46,19.1,d
20.02.2026,12:31:46,19.2,d
20.02.2026,12:40:46,19.1,d
20.02.2026,12:49:46,19.2,d
20.02.2026,12:58:48,19.1,d
20.02.2026,13:07:48,19.1,d
20.02.2026,13:16:48,19.2,d
20.02.2026,13:25:48,19.2,d
20.02.2026,13:34:50,19.1,d
20.02.2026,13:43:50,19.1,d
20.02.2026,13:52:50,19.1,d
20.02.2026,14:01:52,19.1,d
20.02.2026,14:10:52,19.1,d
20.02.2026,14:19:52,19.1,d
20.02.2026,14:28:52,19.1,d
20.02.2026,14:37:54,19.1,d
20.02.2026,14:46:54,19.2,d
20.02.2026,14:55:54,19.1,d
20.02.2026,15:04:54,19.1,d
20.02.2026,15:13:56,19.1,d
20.02.2026,15:22:56,19.1,d
20.02.2026,15:31:56,19.1,d
20.02.2026,15:40:58,19.1,d
20.02.2026,15:49:58,19.1,d
20.02.2026,15:58:58,19.1,d
20.02.2026,16:07:58,19.1,d
20.02.2026,16:17:00,19.1,d
20.02.2026,16:26:00,19.0,d
20.02.2026,16:35:00,19.0,d
20.02.2026,16:44:00,19.0,d
20.02.2026,16:53:02,19.0,d
20.02.2026,17:02:02,19.0,d
20.02.2026,17:11:02,19.0,d
20.02.2026,17:20:02,19.0,d
20.02.2026,17:29:04,19.0,d
20.02.2026,17:38:04,19.0,d
20.02.2026,17:47:04,19.0,d
20.02.2026,17:56:04,19.0,d
20.02.2026,18:05:06,19.0,d
20.02.2026,18:14:06,19.0,d
20.02.2026,18:23:06,19.0,d
20.02.2026,18:32:06,19.0,d
20.02.2026,18:41:08,19.0,d
20.02.2026,18:50:08,18.9,d
20.02.2026,18:59:08,19.0,d
20.02.2026,19:08:08,18.9,d
20.02.2026,19:17:10,19.0,d
20.02.2026,19:26:10,18.9,d
20.02.2026,19:35:10,18.9,d
20.02.2026,19:44:10,18.9,d
20.02.2026,19:53:12,18.9,d
20.02.2026,20:02:12,18.9,d
20.02.2026,20:11:12,18.9,d
20.02.2026,20:20:12,18.9,d
20.02.2026,20:29:14,18.9,d
20.02.2026,20:38:14,18.9,d
20.02.2026,20:47:14,18.9,d
20.02.2026,20:56:16,18.9,d
20.02.2026,21:05:16,18.9,d
20.02.2026,21:14:16,18.9,d
20.02.2026,21:23:16,18.9,d
20.02.2026,21:32:18,18.9,d
20.02.2026,21:41:18,18.9,d
20.02.2026,21:50:18,18.9,d
20.02.2026,21:59:18,18.9,d
20.02.2026,22:08:20,18.9,d
20.02.2026,22:17:20,18.9,d
20.02.2026,22:26:20,18.9,d
20.02.2026,22:35:22,18.9,d
20.02.2026,22:44:22,18.9,d
20.02.2026,22:53:22,18.9,d
20.02.2026,23:02:22,18.9,d
20.02.2026,23:11:24,18.9,d
20.02.2026,23:20:24,18.9,d
20.02.2026,23:29:24,18.9,d
20.02.2026,23:38:26,18.9,d
20.02.2026,23:47:26,18.9,d
20.02.2026,23:56:26,18.9,d
21.02.2026,00:05:26,18.9,d
21.02.2026,00:14:28,18.9,d
21.02.2026,00:23:28,18.9,d
21.02.2026,00:32:28,18.9,d
21.02.2026,00:41:30,18.9,d
21.02.2026,00:50:30,18.9,d
21.02.2026,00:59:30,18.9,d
21.02.2026,01:08:30,18.9,d
21.02.2026,01:17:32,18.9,d
21.02.2026,01:26:32,18.9,d
21.02.2026,01:35:32,18.9,d
21.02.2026,01:44:34,18.9,d
21.02.2026,01:53:34,18.9,d
21.02.2026,02:02:34,18.9,d
21.02.2026,02:11:34,18.9,d
21.02.2026,02:20:36,18.9,d
21.02.2026,02:29:36,18.9,d
21.02.2026,02:38:36,18.9,d
21.02.2026,02:47:36,18.9,d
21.02.2026,02:56:38,18.9,d
21.02.2026,03:05:38,18.9,d
21.02.2026,03:14:38,18.8,d
21.02.2026,03:23:40,18.8,d
21.02.2026,03:32:40,18.8,d
21.02.2026,03:41:40,18.8,d
21.02.2026,03:50:40,18.8,d
21.02.2026,03:59:42,18.8,d
21.02.2026,04:08:42,18.8,d
21.02.2026,04:17:42,18.8,d
21.02.2026,04:26:42,18.8,d
21.02.2026,04:35:44,18.8,d
21.02.2026,04:44:44,18.8,d
21.02.2026,04:53:44,18.8,d
21.02.2026,05:02:44,18.8,d
21.02.2026,05:11:46,18.8,d
21.02.2026,05:20:46,18.8,d
21.02.2026,05:29:46,18.8,d
21.02.2026,05:38:46,18.8,d
21.02.2026,05:47:48,18.8,d
21.02.2026,05:56:48,18.8,d
21.02.2026,06:05:48,18.8,d
21.02.2026,06:14:50,18.8,d
21.02.2026,06:23:50,18.8,d
21.02.2026,06:32:50,18.8,d
21.02.2026,06:41:50,18.7,d
21.02.2026,06:50:52,18.8,d
21.02.2026,06:59:52,18.8,d
21.02.2026,07:08:52,18.8,d
21.02.2026,07:17:54,18.7,d
21.02.2026,07:26:54,18.7,d
21.02.2026,07:35:54,18.7,d
21.02.2026,07:44:54,18.7,d
21.02.2026,07:53:56,18.7,d
21.02.2026,08:02:56,18.7,d
21.02.2026,08:11:56,18.7,d
21.02.2026,08:20:56,18.7,d
21.02.2026,08:29:58,18.7,d
21.02.2026,08:38:58,18.7,d
21.02.2026,08:47:58,18.7,d
21.02.2026,08:56:58,18.7,d
21.02.2026,09:06:00,18.7,d
21.02.2026,09:15:00,18.7,d
21.02.2026,09:24:00,18.7,d
21.02.2026,09:33:00,18.7,d
21.02.2026,09:42:02,18.7,d
21.02.2026,09:51:02,18.7,d
21.02.2026,10:00:02,18.7,d
21.02.2026,10:09:02,18.7,d
21.02.2026,10:18:04,18.6,d
21.02.2026,10:27:04,18.7,d
21.02.2026,10:36:04,18.7,d
21.02.2026,10:45:04,18.7,d
21.02.2026,10:54:06,18.7,d
21.02.2026,11:03:06,18.7,d
21.02.2026,11:12:06,18.7,d
21.02.2026,11:21:06,18.7,d
21.02.2026,11:30:08,18.7,d
21.02.2026,11:39:08,18.7,d
21.02.2026,11:48:08,18.7,d
21.02.2026,11:57:08,18.7,d
21.02.2026,12:06:10,18.7,d
21.02.2026,12:15:10,18.7,d
21.02.2026,12:24:10,18.7,d
21.02.2026,12:33:10,18.7,d
21.02.2026,12:42:12,18.7,d
21.02.2026,12:51:12,18.7,d
21.02.2026,13:00:12,18.7,d
21.02.2026,13:09:12,18.6,d
21.02.2026,13:18:14,18.7,d
21.02.2026,13:27:14,18.7,d
21.02.2026,13:36:14,18.7,d
21.02.2026,13:45:14,18.6,d
21.02.2026,13:54:16,18.6,d
21.02.2026,14:03:16,18.6,d
21.02.2026,14:12:16,18.6,d
21.02.2026,14:21:18,18.6,d
21.02.2026,14:30:18,18.6,d
21.02.2026,14:39:18,18.6,d
21.02.2026,14:48:18,18.6,d
21.02.2026,14:57:20,18.7,d
21.02.2026,15:06:20,18.7,d
21.02.2026,15:15:20,18.7,d
21.02.2026,15:24:20,18.7,d
21.02.2026,15:33:22,18.7,d
21.02.2026,15:42:22,18.7,d
21.02.2026,15:51:22,18.7,d
21.02.2026,16:00:22,18.7,d
21.02.2026,16:09:24,18.7,d
21.02.2026,16:18:24,18.7,d
21.02.2026,16:27:24,18.7,d
21.02.2026,16:36:24,18.7,d
21.02.2026,16:45:26,18.7,d
21.02.2026,16:54:26,18.7,d
21.02.2026,17:03:26,18.7,d
21.02.2026,17:12:26,18.7,d
21.02.2026,17:21:26,18.7,d
21.02.2026,17:30:28,18.7,d
21.02.2026,17:39:28,18.7,d
21.02.2026,17:48:28,18.7,d
21.02.2026,17:57:30,18.7,d
21.02.2026,18:06:30,18.7,d
21.02.2026,18:15:30,18.7,d
21.02.2026,18:24:30,18.7,d
21.02.2026,18:33:32,18.7,d
21.02.2026,18:42:32,18.7,d
21.02.2026,18:51:32,18.7,d
21.02.2026,19:00:32,18.7,d
21.02.2026,19:09:32,18.7,d
21.02.2026,19:18:34,18.7,d
21.02.2026,19:27:34,18.7,d
21.02.2026,19:36:34,18.7,d
21.02.2026,19:45:36,18.7,d
21.02.2026,19:54:36,18.7,d
21.02.2026,20:03:36,18.7,d
21.02.2026,20:12:36,18.7,d
21.02.2026,20:21:36,18.7,d
21.02.2026,20:30:38,18.7,d
21.02.2026,20:39:38,18.7,d
21.02.2026,20:48:38,18.7,d
21.02.2026,20:57:38,18.7,d
21.02.2026,21:06:40,18.7,d
21.02.2026,21:15:40,18.7,d
21.02.2026,21:24:40,18.7,d
21.02.2026,21:33:42,18.7,d
21.02.2026,21:42:42,18.7,d
21.02.2026,21:51:42,18.7,d
21.02.2026,22:00:42,18.7,d
21.02.2026,22:09:44,18.7,d
21.02.2026,22:18:44,18.7,d
21.02.2026,22:27:44,18.7,d
21.02.2026,22:36:46,18.7,d
21.02.2026,22:45:46,18.7,d
21.02.2026,22:54:46,18.7,d
21.02.2026,23:03:46,18.7,d
21.02.2026,23:12:48,18.8,d
21.02.2026,23:21:48,18.7,d
21.02.2026,23:30:48,18.7,d
21.02.2026,23:39:50,18.8,d
21.02.2026,23:48:50,18.7,d
21.02.2026,23:57:50,18.8,d
22.02.2026,00:06:50,18.7,d
22.02.2026,00:15:52,18.7,d
22.02.2026,00:24:52,18.7,d
22.02.2026,00:33:52,18.7,d
22.02.2026,00:42:54,18.7,d
22.02.2026,00:51:54,18.7,d
22.02.2026,01:00:54,18.7,d
22.02.2026,01:09:54,18.7,d
22.02.2026,01:18:56,18.7,d
22.02.2026,01:27:56,18.7,d
22.02.2026,01:36:56,18.7,d
22.02.2026,01:45:56,18.7,d
22.02.2026,01:54:58,18.7,d
22.02.2026,02:03:58,18.7,d
22.02.2026,02:12:58,18.7,d
22.02.2026,02:21:58,18.7,d
22.02.2026,02:31:00,18.7,d
22.02.2026,02:40:00,18.7,d
22.02.2026,02:49:00,18.6,d
22.02.2026,02:58:02,18.6,d
22.02.2026,03:07:02,18.7,d
22.02.2026,03:16:02,18.7,d
22.02.2026,03:25:02,18.6,d
22.02.2026,03:34:04,18.7,d
22.02.2026,03:43:04,18.6,d
22.02.2026,03:52:04,18.6,d
22.02.2026,04:01:04,18.6,d
22.02.2026,04:10:06,18.6,d
22.02.2026,04:19:06,18.6,d
22.02.2026,04:28:06,18.6,d
22.02.2026,04:37:06,18.6,d
22.02.2026,04:46:08,18.6,d
22.02.2026,04:55:08,18.6,d
22.02.2026,05:04:08,18.6,d
22.02.2026,05:13:10,18.6,d
22.02.2026,05:22:10,18.6,d
22.02.2026,05:31:10,18.6,d
22.02.2026,05:40:12,18.6,d
22.02.2026,05:49:12,18.6,d
22.02.2026,05:58:12,18.6,d
22.02.2026,06:07:12,18.6,d
22.02.2026,06:16:14,18.6,d
22.02.2026,06:25:14,18.6,d
22.02.2026,06:34:14,18.6,d
22.02.2026,06:43:16,18.6,d
22.02.2026,06:52:16,18.6,d
22.02.2026,07:01:16,18.6,d
22.02.2026,07:10:16,18.5,d
22.02.2026,07:19:18,18.5,d
22.02.2026,07:28:18,18.6,d
22.02.2026,07:37:18,18.6,d
22.02.2026,07:46:18,18.5,d
22.02.2026,07:55:20,18.5,d
22.02.2026,08:04:20,18.5,d
22.02.2026,08:13:20,18.5,d
22.02.2026,08:22:22,18.5,d
22.02.2026,08:31:22,18.5,d
22.02.2026,08:40:22,18.5,d
22.02.2026,08:49:22,18.5,d
22.02.2026,08:58:24,18.5,d
22.02.2026,09:07:24,18.5,d
22.02.2026,09:16:24,18.5,d
22.02.2026,09:25:24,18.5,d
22.02.2026,09:34:26,18.5,d
22.02.2026,09:43:26,18.5,d
22.02.2026,09:52:26,18.5,d
22.02.2026,10:01:26,18.5,d
22.02.2026,10:10:28,18.5,d
22.02.2026,10:19:28,18.5,d
22.02.2026,10:28:28,18.5,d
22.02.2026,10:37:28,18.5,d
22.02.2026,10:46:28,18.5,d
22.02.2026,10:55:30,18.5,d
22.02.2026,11:04:30,18.4,d
22.02.2026,11:13:30,18.4,d
22.02.2026,11:22:30,18.4,d
22.02.2026,11:31:32,18.4,d
22.02.2026,11:40:32,18.4,d
22.02.2026,11:49:32,18.4,d
22.02.2026,11:58:32,18.4,d
22.02.2026,12:07:34,18.4,d
22.02.2026,12:16:34,18.4,d
22.02.2026,12:25:34,18.4,d
22.02.2026,12:34:36,18.4,d
22.02.2026,12:43:36,18.4,d
22.02.2026,12:52:36,18.4,d
22.02.2026,13:01:36,18.4,d
22.02.2026,13:10:38,18.4,d
22.02.2026,13:19:38,18.4,d
22.02.2026,13:28:38,18.4,d
22.02.2026,13:37:38,18.4,d
22.02.2026,13:46:40,18.4,d
22.02.2026,13:55:40,18.5,d
22.02.2026,14:04:40,18.7,d
22.02.2026,14:13:40,19.0,d
22.02.2026,14:22:42,19.2,d
22.02.2026,14:31:42,19.5,d
22.02.2026,15:43:46,21.1,d
22.02.2026,15:52:46,21.1,d
22.02.2026,16:01:46,20.9,d
22.02.2026,16:10:48,20.8,d
22.02.2026,16:19:48,20.8,d
22.02.2026,16:19:48,20.7,d
22.02.2026,16:28:48,20.7,d
22.02.2026,16:28:48,20.6,d
22.02.2026,16:37:48,20.6,d
22.02.2026,16:37:48,20.4,d
22.02.2026,16:46:48,20.4,d
22.02.2026,16:46:48,20.3,d
22.02.2026,16:55:50,20.3,d
22.02.2026,16:55:50,20.2,d
22.02.2026,17:04:50,20.3,d
22.02.2026,17:04:50,20.2,d
22.02.2026,17:13:50,20.2,d
22.02.2026,18:43:56,21.9,d
22.02.2026,18:43:56,21.8,d
22.02.2026,18:52:58,21.8,d
22.02.2026,19:01:58,21.6,d
22.02.2026,19:01:58,21.5,d
22.02.2026,19:10:58,21.4,d
22.02.2026,19:10:58,21.3,d
22.02.2026,19:19:58,21.2,d
22.02.2026,19:19:58,21.3,d
22.02.2026,19:29:00,21.2,d
22.02.2026,19:29:00,21.1,d
22.02.2026,20:09:00,20.5,t
22.02.2026,20:09:00,20.2,b
22.02.2026,20:32:04,20.6,d
22.02.2026,20:41:04,20.5,d
22.02.2026,20:41:04,20.6,d
22.02.2026,20:43:00,20.5,t
22.02.2026,20:43:00,20.0,b
22.02.2026,20:50:04,20.5,d
22.02.2026,20:57:00,20.5,t
22.02.2026,20:57:00,20.1,b
22.02.2026,20:58:00,20.5,d
22.02.2026,21:45:00,20.5,t
22.02.2026,21:46:00,19.8,b
22.02.2026,21:46:00,20.5,d
