01.05.2026,00:08:30,20.8,d
01.05.2026,00:17:32,20.7,d
01.05.2026,00:26:32,20.7,d
01.05.2026,00:35:32,20.7,d
01.05.2026,00:44:34,20.7,d
01.05.2026,00:53:34,20.7,d
01.05.2026,01:02:34,20.7,d
01.05.2026,01:11:36,20.7,d
01.05.2026,01:20:36,20.7,d
01.05.2026,01:29:38,20.6,d
01.05.2026,01:38:38,20.6,d
01.05.2026,01:47:38,20.6,d
01.05.2026,01:56:40,20.6,d
01.05.2026,02:05:40,20.6,d
01.05.2026,02:14:40,20.6,d
01.05.2026,02:23:42,20.6,d
01.05.2026,02:32:42,20.5,d
01.05.2026,02:41:44,20.5,d
01.05.2026,02:50:44,20.5,d
01.05.2026,02:59:44,20.5,d
01.05.2026,03:08:46,20.5,d
01.05.2026,03:17:46,20.5,d
01.05.2026,03:26:46,20.5,d
01.05.2026,03:35:48,20.4,d
01.05.2026,03:44:48,20.5,d
01.05.2026,03:53:50,20.4,d
01.05.2026,04:02:50,20.4,d
01.05.2026,04:11:50,20.4,d
01.05.2026,04:20:52,20.4,d
01.05.2026,04:29:52,20.4,d
01.05.2026,04:38:54,20.4,d
01.05.2026,04:47:54,20.4,d
01.05.2026,04:56:54,20.4,d
01.05.2026,05:05:56,20.4,d
01.05.2026,05:14:56,20.4,d
01.05.2026,05:23:56,20.4,d
01.05.2026,05:32:58,20.4,d
01.05.2026,05:41:58,20.3,d
01.05.2026,05:51:00,20.3,d
01.05.2026,06:00:00,20.3,d
01.05.2026,06:09:00,20.3,d
01.05.2026,06:18:02,20.3,d
01.05.2026,06:27:02,20.3,d
01.05.2026,06:36:02,20.3,d
01.05.2026,06:45:04,20.3,d
01.05.2026,06:54:04,20.3,d
01.05.2026,07:03:06,20.3,d
01.05.2026,07:12:06,20.3,d
01.05.2026,07:21:06,20.3,d
01.05.2026,07:30:08,20.3,d
01.05.2026,07:39:08,20.3,d
01.05.2026,07:48:08,20.3,d
01.05.2026,07:57:10,20.2,d
01.05.2026,08:06:10,20.2,d
01.05.2026,08:15:12,20.2,d
01.05.2026,08:24:12,20.2,d
01.05.2026,08:33:12,20.2,d
01.05.2026,08:42:14,20.2,d
01.05.2026,08:51:14,20.2,d
01.05.2026,09:00:14,20.2,d
01.05.2026,09:09:16,20.2,d
01.05.2026,09:18:16,20.2,d
01.05.2026,09:27:18,20.2,d
01.05.2026,09:36:18,20.2,d
01.05.2026,09:45:18,20.2,d
01.05.2026,09:54:20,20.2,d
01.05.2026,10:03:20,20.2,d
01.05.2026,10:12:20,20.2,d
01.05.2026,10:21:22,20.2,d
01.05.2026,10:30:22,20.2,d
01.05.2026,10:39:24,20.2,d
01.05.2026,10:48:24,20.1,d
01.05.2026,10:57:24,20.1,d
01.05.2026,11:06:26,20.1,d
01.05.2026,11:15:26,20.1,d
01.05.2026,11:24:26,20.1,d
01.05.2026,11:33:28,20.1,d
01.05.2026,11:42:28,20.1,d
01.05.2026,11:51:30,20.1,d
01.05.2026,12:00:30,20.1,d
01.05.2026,12:09:30,20.1,d
01.05.2026,12:18:32,20.1,d
01.05.2026,12:27:32,20.1,d
01.05.2026,12:36:34,20.1,d
01.05.2026,12:45:34,20.1,d
01.05.2026,12:54:34,20.1,d
01.05.2026,13:03:36,20.1,d
01.05.2026,13:12:36,20.1,d
01.05.2026,13:21:38,20.1,d
01.05.2026,13:30:38,20.1,d
01.05.2026,13:39:38,20.1,d
01.05.2026,13:48:40,20.1,d
01.05.2026,13:57:40,20.1,d
01.05.2026,14:06:40,20.1,d
01.05.2026,14:15:42,20.1,d
01.05.2026,14:24:42,20.1,d
01.05.2026,14:33:44,20.1,d
01.05.2026,14:42:44,20.1,d
01.05.2026,14:51:44,20.0,d
01.05.2026,15:00:46,20.1,d
01.05.2026,15:09:46,20.0,d
01.05.2026,15:18:46,20.1,d
01.05.2026,15:27:48,20.1,d
01.05.2026,15:36:48,20.1,d
01.05.2026,15:45:50,20.0,d
01.05.2026,15:54:50,20.0,d
01.05.2026,16:03:50,20.1,d
01.05.2026,16:12:52,20.1,d
01.05.2026,16:21:52,20.1,d
01.05.2026,16:30:52,20.1,d
01.05.2026,16:39:54,20.1,d
01.05.2026,16:48:54,20.1,d
01.05.2026,16:57:56,20.1,d
01.05.2026,17:06:56,20.1,d
01.05.2026,17:15:56,20.0,d
01.05.2026,17:24:58,20.1,d
01.05.2026,17:33:58,20.1,d
01.05.2026,17:43:00,20.0,d
01.05.2026,17:52:00,20.0,d
01.05.2026,18:01:00,20.0,d
01.05.2026,18:10:02,20.0,d
01.05.2026,18:19:02,20.0,d
01.05.2026,18:28:02,20.0,d
01.05.2026,18:37:04,20.1,d
01.05.2026,18:46:04,20.1,d
01.05.2026,18:55:06,20.1,d
01.05.2026,19:04:06,20.1,d
01.05.2026,19:13:06,20.1,d
01.05.2026,19:22:08,20.0,d
01.05.2026,19:31:08,20.0,d
01.05.2026,19:40:08,20.0,d
01.05.2026,19:49:10,20.1,d
01.05.2026,19:58:10,20.1,d
01.05.2026,20:07:10,20.1,d
01.05.2026,20:16:12,20.1,d
01.05.2026,20:25:12,20.1,d
01.05.2026,20:34:14,20.1,d
01.05.2026,20:43:14,20.1,d
01.05.2026,20:52:14,20.1,d
01.05.2026,21:01:16,20.0,d
01.05.2026,21:10:16,20.0,d
01.05.2026,21:19:18,20.1,d
01.05.2026,21:28:18,20.1,d
01.05.2026,21:37:18,20.0,d
01.05.2026,21:46:20,20.0,d
01.05.2026,21:55:20,20.0,d
01.05.2026,22:04:20,20.0,d
01.05.2026,22:13:22,20.0,d
01.05.2026,22:22:22,20.1,d
01.05.2026,22:31:24,20.1,d
01.05.2026,22:40:24,20.1,d
01.05.2026,22:49:24,20.1,d
01.05.2026,22:58:26,20.1,d
01.05.2026,23:07:26,20.1,d
01.05.2026,23:16:26,20.1,d
01.05.2026,23:25:28,20.1,d
01.05.2026,23:34:28,20.1,d
01.05.2026,23:43:30,20.1,d
01.05.2026,23:52:30,20.0,d
02.05.2026,00:01:30,20.1,d
02.05.2026,00:10:32,20.1,d
02.05.2026,00:19:32,20.1,d
02.05.2026,00:28:32,20.1,d
02.05.2026,00:37:34,20.1,d
02.05.2026,00:46:34,20.1,d
02.05.2026,00:55:36,20.1,d
02.05.2026,01:04:36,20.0,d
02.05.2026,01:13:36,20.0,d
02.05.2026,01:22:38,20.1,d
02.05.2026,01:31:38,20.0,d
02.05.2026,01:40:38,20.0,d
02.05.2026,01:49:40,20.0,d
02.05.2026,01:58:40,20.0,d
02.05.2026,02:07:40,20.0,d
02.05.2026,02:16:42,20.0,d
02.05.2026,02:25:42,20.0,d
02.05.2026,02:34:44,20.0,d
02.05.2026,02:43:44,20.0,d
02.05.2026,02:52:44,20.0,d
02.05.2026,03:01:46,20.0,d
02.05.2026,03:10:46,20.0,d
02.05.2026,03:19:46,20.0,d
02.05.2026,03:28:48,20.0,d
02.05.2026,03:37:48,20.0,d
02.05.2026,03:46:50,20.0,d
02.05.2026,03:55:50,20.0,d
02.05.2026,04:04:50,20.0,d
02.05.2026,04:13:52,20.0,d
02.05.2026,04:22:52,20.0,d
02.05.2026,04:31:52,20.0,d
02.05.2026,04:40:54,20.0,d
02.05.2026,04:49:54,20.0,d
02.05.2026,04:58:54,20.0,d
02.05.2026,05:07:56,20.0,d
02.05.2026,05:16:56,20.0,d
02.05.2026,05:25:58,20.0,d
02.05.2026,05:34:58,20.0,d
02.05.2026,05:43:58,20.0,d
02.05.2026,05:53:00,20.0,d
02.05.2026,06:02:00,20.0,d
02.05.2026,06:11:02,20.0,d
02.05.2026,06:20:02,20.0,d
02.05.2026,06:29:02,20.0,d
02.05.2026,06:38:04,20.0,d
02.05.2026,06:47:04,20.0,d
02.05.2026,06:56:06,20.0,d
02.05.2026,07:05:06,20.0,d
02.05.2026,07:14:06,20.0,d
02.05.2026,07:23:08,20.0,d
02.05.2026,07:32:08,20.0,d
02.05.2026,07:41:08,20.0,d
02.05.2026,07:50:10,20.0,d
02.05.2026,07:59:10,20.0,d
02.05.2026,08:08:10,20.0,d
02.05.2026,08:17:12,20.0,d
02.05.2026,08:26:12,20.0,d
02.05.2026,08:35:12,20.0,d
02.05.2026,08:44:14,20.0,d
02.05.2026,08:53:14,20.0,d
02.05.2026,09:02:16,20.0,d
02.05.2026,09:11:16,20.0,d
02.05.2026,09:20:16,20.0,d
02.05.2026,09:29:18,20.0,d
02.05.2026,09:38:18,20.0,d
02.05.2026,09:47:18,20.0,d
02.05.2026,09:56:20,20.0,d
02.05.2026,10:05:20,20.0,d
02.05.2026,10:14:20,20.0,d
02.05.2026,10:23:22,20.0,d
02.05.2026,10:32:22,20.0,d
02.05.2026,10:41:24,20.0,d
02.05.2026,10:50:24,20.0,d
02.05.2026,10:59:24,20.0,d
02.05.2026,11:08:26,20.0,d
02.05.2026,11:17:26,20.0,d
02.05.2026,11:26:28,20.1,d
02.05.2026,11:35:28,20.1,d
02.05.2026,11:44:30,20.1,d
02.05.2026,11:53:30,20.0,d
02.05.2026,12:02:30,20.1,d
02.05.2026,20:11:04,22.5,d
02.05.2026,20:20:04,22.5,d
02.05.2026,20:29:04,22.4,d
02.05.2026,20:38:06,22.3,d
02.05.2026,20:47:06,22.2,d
02.05.2026,20:56:06,22.2,d
02.05.2026,21:05:08,22.2,d
02.05.2026,21:14:08,22.1,d
02.05.2026,21:23:08,22.0,d
02.05.2026,21:32:10,22.0,d
02.05.2026,21:41:10,21.9,d
02.05.2026,21:50:10,21.9,d
02.05.2026,21:59:12,21.8,d
02.05.2026,22:08:12,21.8,d
02.05.2026,22:17:12,21.7,d
02.05.2026,22:26:14,21.7,d
02.05.2026,22:35:14,21.7,d
02.05.2026,22:44:14,21.6,d
02.05.2026,22:53:16,21.6,d
02.05.2026,23:02:16,21.5,d
02.05.2026,23:11:16,21.5,d
02.05.2026,23:20:18,21.5,d
02.05.2026,23:29:18,21.4,d
02.05.2026,23:38:18,21.4,d
02.05.2026,23:47:20,21.4,d
02.05.2026,23:56:20,21.3,d
03.05.2026,00:05:22,21.3,d
03.05.2026,00:14:22,21.3,d
03.05.2026,00:23:22,21.3,d
03.05.2026,00:32:24,21.3,d
03.05.2026,00:41:24,21.2,d
03.05.2026,00:50:24,21.2,d
03.05.2026,00:59:26,21.2,d
03.05.2026,01:08:26,21.2,d
03.05.2026,01:17:26,21.2,d
03.05.2026,01:26:28,21.2,d
03.05.2026,01:35:28,21.1,d
03.05.2026,01:44:28,21.1,d
03.05.2026,01:53:28,21.1,d
03.05.2026,02:02:30,21.1,d
03.05.2026,02:11:30,21.1,d
03.05.2026,02:20:32,21.1,d
03.05.2026,02:29:32,21.1,d
03.05.2026,02:38:32,21.1,d
03.05.2026,02:47:34,21.1,d
03.05.2026,02:56:34,21.1,d
03.05.2026,03:05:34,21.0,d
03.05.2026,03:14:36,21.0,d
03.05.2026,03:23:36,21.0,d
03.05.2026,03:32:36,21.0,d
03.05.2026,03:41:38,21.0,d
03.05.2026,03:50:38,21.0,d
03.05.2026,03:59:38,21.0,d
03.05.2026,04:08:40,21.0,d
03.05.2026,04:17:40,21.0,d
03.05.2026,04:26:40,21.0,d
03.05.2026,04:35:42,21.0,d
03.05.2026,04:44:42,20.9,d
03.05.2026,04:53:42,21.0,d
03.05.2026,05:02:44,20.9,d
03.05.2026,05:11:44,20.9,d
03.05.2026,05:20:44,20.9,d
03.05.2026,05:29:46,20.9,d
03.05.2026,05:38:46,20.9,d
03.05.2026,05:47:46,20.9,d
03.05.2026,05:56:48,20.9,d
03.05.2026,06:05:48,20.9,d
03.05.2026,06:14:48,20.9,d
03.05.2026,06:23:50,20.9,d
03.05.2026,06:32:50,20.9,d
03.05.2026,06:41:50,20.9,d
03.05.2026,06:50:52,20.9,d
03.05.2026,06:59:52,20.9,d
03.05.2026,07:08:52,20.9,d
03.05.2026,07:17:54,20.9,d
03.05.2026,07:26:54,20.9,d
03.05.2026,07:35:54,20.9,d
03.05.2026,07:44:56,20.9,d
03.05.2026,07:53:56,20.9,d
03.05.2026,08:02:56,20.9,d
03.05.2026,08:11:58,20.9,d
03.05.2026,08:20:58,20.9,d
03.05.2026,08:29:58,20.9,d
03.05.2026,08:39:00,20.9,d
03.05.2026,08:48:00,20.9,d
03.05.2026,08:57:00,20.9,d
03.05.2026,09:06:02,20.9,d
03.05.2026,09:15:02,20.9,d
03.05.2026,09:24:02,20.9,d
03.05.2026,09:33:04,20.9,d
03.05.2026,09:42:04,20.9,d
03.05.2026,09:51:04,20.9,d
03.05.2026,10:00:06,20.9,d
03.05.2026,10:09:06,20.9,d
03.05.2026,10:18:06,20.9,d
03.05.2026,10:27:08,20.9,d
03.05.2026,10:36:08,20.9,d
03.05.2026,10:45:08,20.9,d
03.05.2026,10:54:10,20.9,d
03.05.2026,11:03:10,20.9,d
03.05.2026,11:12:10,20.9,d
03.05.2026,11:21:12,20.9,d
03.05.2026,11:30:12,20.9,d
03.05.2026,11:39:12,20.9,d
03.05.2026,11:48:14,20.9,d
03.05.2026,11:57:14,20.9,d
03.05.2026,12:06:14,20.9,d
03.05.2026,12:15:16,20.9,d
03.05.2026,12:24:16,20.9,d
03.05.2026,12:33:16,20.9,d
03.05.2026,12:42:18,20.9,d
03.05.2026,12:51:18,20.9,d
03.05.2026,13:00:20,20.9,d
03.05.2026,13:09:20,21.0,d
03.05.2026,13:18:20,20.9,d
03.05.2026,13:27:22,21.0,d
03.05.2026,13:36:22,21.0,d
03.05.2026,13:45:22,21.0,d
03.05.2026,13:54:24,21.0,d
03.05.2026,14:03:24,21.0,d
03.05.2026,14:12:24,21.0,d
03.05.2026,14:21:26,21.0,d
03.05.2026,14:30:26,21.0,d
03.05.2026,14:39:26,21.0,d
03.05.2026,14:48:28,21.0,d
03.05.2026,14:57:28,21.0,d
03.05.2026,15:06:28,21.0,d
03.05.2026,15:15:30,21.0,d
03.05.2026,15:24:30,21.0,d
03.05.2026,15:33:30,21.0,d
03.05.2026,15:42:32,21.0,d
03.05.2026,15:51:32,21.1,d
03.05.2026,16:00:32,21.1,d
03.05.2026,16:09:34,21.1,d
03.05.2026,16:18:34,21.1,d
03.05.2026,16:27:34,21.1,d
03.05.2026,16:36:36,21.1,d
03.05.2026,16:45:36,21.1,d
03.05.2026,16:54:36,21.1,d
03.05.2026,17:03:38,21.1,d
03.05.2026,17:12:38,21.1,d
03.05.2026,17:21:38,21.1,d
03.05.2026,17:30:40,21.1,d
03.05.2026,17:39:40,21.1,d
03.05.2026,17:48:40,21.1,d
03.05.2026,17:57:42,21.1,d
03.05.2026,18:06:42,21.1,d
03.05.2026,18:15:42,21.1,d
03.05.2026,18:24:44,21.1,d
03.05.2026,18:33:44,21.1,d
03.05.2026,18:42:44,21.1,d
03.05.2026,18:51:46,21.1,d
03.05.2026,19:00:46,21.2,d
03.05.2026,19:09:46,21.2,d
03.05.2026,19:18:48,21.2,d
03.05.2026,19:27:48,21.2,d
03.05.2026,19:36:48,21.2,d
03.05.2026,19:45:50,21.2,d
03.05.2026,19:54:50,21.2,d
03.05.2026,20:03:50,21.2,d
03.05.2026,20:12:52,21.2,d
03.05.2026,20:21:52,21.2,d
03.05.2026,20:30:52,21.2,d
03.05.2026,20:39:54,21.2,d
03.05.2026,20:48:54,21.2,d
03.05.2026,20:57:54,21.3,d
03.05.2026,21:06:56,21.2,d
03.05.2026,21:15:56,21.3,d
03.05.2026,21:24:56,21.3,d
03.05.2026,21:33:58,21.3,d
03.05.2026,21:42:58,21.3,d
03.05.2026,21:51:58,21.3,d
03.05.2026,22:01:00,21.3,d
03.05.2026,22:10:00,21.3,d
03.05.2026,22:19:02,21.3,d
03.05.2026,22:28:02,21.3,d
03.05.2026,22:37:02,21.3,d
03.05.2026,22:46:04,21.3,3
03.05.2026,22:55:04,21.3,d
03.05.2026,23:04:04,21.3,d
03.05.2026,23:13:06,21.3,d
03.05.2026,23:22:06,21.3,d
03.05.2026,23:31:06,21.3,d
03.05.2026,23:40:08,21.3,d
03.05.2026,23:49:08,21.3,d
03.05.2026,23:58:08,21.3,d
04.05.2026,00:07:10,21.3,d
04.05.2026,00:16:10,21.3,d
04.05.2026,00:25:10,21.3,d
04.05.2026,00:34:12,21.3,d
04.05.2026,00:43:12,21.3,d
04.05.2026,00:52:12,21.3,d
04.05.2026,01:01:14,21.3,d
04.05.2026,01:10:14,21.3,d
04.05.2026,01:19:14,21.3,d
04.05.2026,01:28:16,21.3,d
04.05.2026,01:37:16,21.3,d
04.05.2026,01:46:16,21.3,d
04.05.2026,01:55:18,21.3,d
04.05.2026,02:04:18,21.3,d
04.05.2026,02:13:20,21.3,d
04.05.2026,02:22:20,21.3,d
04.05.2026,02:31:20,21.3,d
04.05.2026,02:40:22,21.3,d
04.05.2026,02:49:22,21.3,d
04.05.2026,02:58:22,21.3,d
04.05.2026,03:07:24,21.3,d
04.05.2026,03:16:24,21.3,d
04.05.2026,03:25:24,21.3,d
04.05.2026,03:34:26,21.3,d
04.05.2026,03:43:26,21.3,d
04.05.2026,03:52:28,21.3,d
04.05.2026,04:01:28,21.3,d
04.05.2026,04:10:28,21.3,d
04.05.2026,04:19:30,21.3,d
04.05.2026,04:28:30,21.3,d
04.05.2026,04:37:30,21.3,d
04.05.2026,04:46:30,21.3,d
04.05.2026,04:55:32,21.3,d
04.05.2026,05:04:32,21.3,d
04.05.2026,05:13:32,21.3,d
04.05.2026,05:22:34,21.3,d
04.05.2026,05:31:34,21.3,d
04.05.2026,05:40:34,21.3,d
04.05.2026,05:49:36,21.3,d
04.05.2026,05:58:36,21.3,d
04.05.2026,06:07:38,21.3,d
04.05.2026,06:16:38,21.4,d
04.05.2026,06:25:38,21.4,d
04.05.2026,06:34:40,21.4,d
04.05.2026,06:43:40,21.4,d
04.05.2026,06:52:40,21.4,d
04.05.2026,07:01:40,21.4,d
04.05.2026,07:10:42,21.4,d
04.05.2026,07:19:42,21.3,d
04.05.2026,07:28:44,21.4,d
04.05.2026,07:37:44,21.4,d
04.05.2026,07:46:44,21.4,d
04.05.2026,07:55:46,21.4,d
04.05.2026,08:04:46,21.4,d
04.05.2026,08:13:46,21.4,d
04.05.2026,08:22:48,21.4,d
04.05.2026,08:31:48,21.4,d
04.05.2026,08:40:48,21.4,d
04.05.2026,08:49:50,21.4,d
04.05.2026,08:58:50,21.4,d
04.05.2026,09:07:50,21.4,d
04.05.2026,09:16:52,21.4,d
04.05.2026,09:25:52,21.4,d
04.05.2026,09:34:52,21.4,d
04.05.2026,09:43:54,21.4,d
04.05.2026,09:52:54,21.4,d
04.05.2026,10:01:54,21.4,d
04.05.2026,10:10:56,21.4,d
04.05.2026,10:19:56,21.4,d
04.05.2026,10:28:56,21.4,d
04.05.2026,10:37:58,21.4,d
04.05.2026,10:46:58,21.4,d
04.05.2026,10:55:58,21.4,d
04.05.2026,11:05:00,21.5,d
04.05.2026,11:14:00,21.5,d
04.05.2026,11:23:00,21.5,d
04.05.2026,11:32:02,21.5,d
04.05.2026,11:41:02,21.5,d
04.05.2026,11:50:02,21.5,d
04.05.2026,11:59:04,21.5,d
04.05.2026,12:08:04,21.5,d
04.05.2026,12:17:04,21.5,d
04.05.2026,12:26:06,21.5,d
04.05.2026,12:35:06,21.5,d
04.05.2026,12:44:06,21.5,d
04.05.2026,12:53:08,21.5,d
04.05.2026,13:02:08,21.5,d
04.05.2026,13:11:08,21.6,d
04.05.2026,13:20:10,21.5,d
04.05.2026,13:29:10,21.6,d
04.05.2026,13:38:10,21.6,d
04.05.2026,13:47:12,21.6,d
04.05.2026,13:56:12,21.6,d
04.05.2026,14:05:12,21.6,d
04.05.2026,14:14:14,21.6,d
04.05.2026,14:23:14,21.6,d
04.05.2026,14:32:14,21.6,d
04.05.2026,14:41:16,21.6,d
04.05.2026,14:50:16,21.7,d
04.05.2026,14:59:16,21.6,d
04.05.2026,15:08:18,21.7,d
04.05.2026,15:17:18,21.7,d
04.05.2026,15:26:18,21.7,d
04.05.2026,15:35:20,21.7,d
04.05.2026,15:44:20,21.7,d
04.05.2026,15:53:20,21.7,d
04.05.2026,16:02:22,21.7,d
04.05.2026,16:11:22,21.7,d
04.05.2026,16:20:22,21.7,d
04.05.2026,16:29:24,21.7,d
04.05.2026,16:38:24,21.8,d
04.05.2026,16:47:24,21.8,d
04.05.2026,16:56:26,21.8,d
04.05.2026,17:05:26,21.8,d
04.05.2026,17:14:28,21.8,d
04.05.2026,17:23:28,21.8,d
04.05.2026,17:32:28,21.8,d
04.05.2026,17:41:30,21.8,d
04.05.2026,17:50:30,21.8,d
04.05.2026,17:59:30,21.8,d
04.05.2026,18:08:32,21.8,d
04.05.2026,18:17:32,21.8,d
04.05.2026,18:26:32,21.8,d
04.05.2026,18:35:34,21.8,d
04.05.2026,18:44:34,21.9,d
04.05.2026,18:53:34,21.9,d
04.05.2026,19:02:36,21.9,d
04.05.2026,19:11:36,21.9,d
04.05.2026,19:20:36,21.9,d
04.05.2026,19:29:38,21.9,d
04.05.2026,19:38:38,21.9,d
04.05.2026,19:47:38,21.9,d
04.05.2026,19:56:40,21.9,d
04.05.2026,20:05:40,21.9,d
04.05.2026,20:14:40,21.9,d
04.05.2026,20:23:42,21.9,d
04.05.2026,20:32:42,22.0,d
04.05.2026,20:41:44,22.0,d
04.05.2026,20:50:44,22.0,d
04.05.2026,20:59:44,22.0,d
04.05.2026,21:08:46,22.0,d
04.05.2026,21:17:46,22.0,d
04.05.2026,21:26:46,22.0,d
04.05.2026,21:35:48,22.0,d
04.05.2026,21:44:48,22.0,d
04.05.2026,21:53:48,22.1,d
04.05.2026,22:02:50,22.1,d
04.05.2026,22:11:50,22.1,d
04.05.2026,22:20:50,22.1,d
04.05.2026,22:29:52,22.1,d
04.05.2026,22:38:52,22.1,d
04.05.2026,22:47:54,22.1,d
04.05.2026,22:56:54,22.1,d
04.05.2026,23:05:54,22.1,d
04.05.2026,23:14:54,22.1,d
04.05.2026,23:23:56,22.1,d
04.05.2026,23:32:56,22.1,d
04.05.2026,23:41:56,22.1,d
04.05.2026,23:50:58,22.1,d
04.05.2026,23:59:58,22.1,d
05.05.2026,00:08:58,22.1,d
05.05.2026,00:18:00,22.1,d
05.05.2026,00:27:00,22.1,d
05.05.2026,00:36:00,22.2,d
05.05.2026,00:45:02,22.2,d
05.05.2026,00:54:02,22.2,d
05.05.2026,01:03:02,22.2,d
05.05.2026,01:12:04,22.2,d
05.05.2026,01:21:04,22.2,d
05.05.2026,01:30:04,22.2,d
05.05.2026,01:39:06,22.2,d
05.05.2026,01:48:06,22.2,d
05.05.2026,01:57:08,22.2,d
05.05.2026,02:06:08,22.2,d
05.05.2026,02:15:08,22.2,d
05.05.2026,02:24:10,22.2,d
05.05.2026,02:33:10,22.2,d
05.05.2026,02:42:10,22.3,d
05.05.2026,02:51:12,22.2,d
05.05.2026,03:00:12,22.2,d
05.05.2026,03:09:12,22.2,d
05.05.2026,03:18:14,22.2,d
05.05.2026,03:27:14,22.2,d
05.05.2026,03:36:14,22.2,d
05.05.2026,03:45:16,22.2,d
05.05.2026,03:54:16,22.2,d
05.05.2026,04:03:16,22.2,d
05.05.2026,04:12:18,22.2,d
05.05.2026,04:21:18,22.2,d
05.05.2026,04:30:18,22.2,d
05.05.2026,04:39:20,22.2,d
05.05.2026,04:48:20,22.2,d
05.05.2026,04:57:20,22.3,d
05.05.2026,05:06:22,22.3,d
05.05.2026,05:15:22,22.3,d
05.05.2026,05:24:22,22.3,d
05.05.2026,05:33:24,22.2,d
05.05.2026,05:42:24,22.3,d
05.05.2026,05:51:24,22.3,d
05.05.2026,06:00:26,22.2,d
05.05.2026,06:09:26,22.2,d
05.05.2026,06:18:26,22.2,d
05.05.2026,06:27:28,22.2,d
05.05.2026,06:36:28,22.2,d
05.05.2026,06:45:28,22.2,d
05.05.2026,06:54:30,22.2,d
05.05.2026,07:03:30,22.3,d
05.05.2026,07:12:30,22.2,d
05.05.2026,07:21:32,22.2,d
05.05.2026,07:30:32,22.3,d
05.05.2026,07:39:32,22.3,d
05.05.2026,07:48:34,22.3,d
05.05.2026,07:57:34,22.2,d
05.05.2026,08:06:34,22.2,d
05.05.2026,08:15:36,22.2,d
05.05.2026,08:24:36,22.2,d
05.05.2026,08:33:36,22.2,d
05.05.2026,08:42:38,22.2,d
05.05.2026,08:51:38,22.2,d
05.05.2026,09:00:38,22.2,d
05.05.2026,09:09:40,22.2,d
05.05.2026,09:18:40,22.2,d
05.05.2026,09:27:40,22.3,d
05.05.2026,09:36:42,22.2,d
05.05.2026,09:45:42,22.3,d
05.05.2026,09:54:42,22.2,d
05.05.2026,10:03:44,22.3,d
05.05.2026,10:12:44,22.3,d
05.05.2026,10:21:44,22.2,d
05.05.2026,10:30:46,22.2,d
05.05.2026,11:15:48,21.7,k
05.05.2026,11:24:48,21.9,k
05.05.2026,11:24:48,23.6,d
05.05.2026,11:33:50,22.0,k
05.05.2026,11:33:50,22.8,d
05.05.2026,11:42:50,22.1,k
05.05.2026,11:42:50,22.7,d
05.05.2026,11:51:52,22.7,d
05.05.2026,12:00:52,22.6,d
05.05.2026,12:09:52,22.7,d
05.05.2026,12:18:54,22.7,d
05.05.2026,12:27:54,22.7,d
05.05.2026,12:36:54,22.8,d
05.05.2026,12:45:56,22.8,d
05.05.2026,12:54:56,22.8,d
05.05.2026,13:03:56,22.8,d
05.05.2026,13:12:58,22.8,d
05.05.2026,13:21:58,22.8,d
05.05.2026,13:31:00,22.8,d
05.05.2026,13:40:00,22.8,d
05.05.2026,13:49:00,22.8,d
05.05.2026,13:58:02,22.8,d
05.05.2026,14:07:02,22.8,d
05.05.2026,14:16:02,22.9,d
05.05.2026,14:25:04,22.9,d
05.05.2026,14:34:04,22.9,d
05.05.2026,14:43:04,22.9,d
05.05.2026,14:52:06,22.9,d
05.05.2026,15:01:06,22.9,d
05.05.2026,15:10:08,22.9,d
05.05.2026,15:19:08,22.9,d
05.05.2026,15:28:08,22.9,d
05.05.2026,15:37:10,22.9,d
05.05.2026,15:46:10,22.9,d
05.05.2026,15:55:10,22.9,d
05.05.2026,16:04:12,23.0,d
05.05.2026,16:13:12,23.0,d
05.05.2026,16:22:14,23.0,d
05.05.2026,16:31:14,23.0,d
05.05.2026,16:40:14,23.0,d
05.05.2026,16:49:16,22.4,k
05.05.2026,17:43:18,22.7,k
05.05.2026,17:52:18,22.8,k
05.05.2026,17:52:18,24.1,d
05.05.2026,18:01:20,22.8,k
05.05.2026,18:01:20,23.5,d
05.05.2026,18:10:20,22.8,k
05.05.2026,18:10:20,23.4,d
05.05.2026,18:19:20,22.8,k
05.05.2026,18:19:20,23.3,d
05.05.2026,18:28:22,22.8,k
05.05.2026,18:28:22,23.3,d
05.05.2026,18:37:22,22.9,k
05.05.2026,18:37:22,23.3,d
05.05.2026,18:46:22,22.8,k
05.05.2026,18:46:22,23.4,d
05.05.2026,18:55:24,22.9,k
05.05.2026,18:55:24,23.4,d
08.05.2026,14:19:26,22.9,k
08.05.2026,14:19:26,23.0,d
08.05.2026,14:28:26,23.0,d
08.05.2026,14:28:26,23.2,d
08.05.2026,14:37:28,23.2,d
08.05.2026,14:46:28,23.3,d
08.05.2026,14:55:30,23.3,d
08.05.2026,15:04:30,23.3,d
08.05.2026,15:13:30,23.3,d
08.05.2026,15:22:32,23.3,d
08.05.2026,15:31:32,23.3,d
08.05.2026,15:40:32,23.3,d
08.05.2026,15:49:34,23.3,d
08.05.2026,15:58:34,23.3,d
08.05.2026,16:07:34,23.3,d
08.05.2026,16:16:36,23.3,d
08.05.2026,16:25:36,23.3,d
08.05.2026,16:34:36,23.3,d
08.05.2026,16:43:38,23.3,d
08.05.2026,16:52:38,23.3,d
08.05.2026,17:01:38,23.3,d
08.05.2026,17:10:40,23.2,d
08.05.2026,17:19:40,23.2,d
08.05.2026,17:28:42,23.2,d
08.05.2026,17:37:42,23.2,d
08.05.2026,17:46:42,23.1,d
08.05.2026,17:55:44,23.1,d
08.05.2026,18:04:44,23.1,d
08.05.2026,18:10:00,21.9,b
08.05.2026,18:10:00,22.5,t
08.05.2026,18:13:46,23.2,d
08.05.2026,18:18:00,22.5,t
08.05.2026,18:22:46,23.4,d
08.05.2026,18:31:46,23.6,d
08.05.2026,18:40:48,23.7,d
08.05.2026,18:49:48,23.6,d
08.05.2026,18:58:50,23.5,d
08.05.2026,19:07:50,23.4,d
08.05.2026,19:16:52,23.4,d
08.05.2026,19:17:00,21.9,b
08.05.2026,19:17:00,22.7,t
08.05.2026,19:25:52,23.4,d
08.05.2026,19:34:52,23.4,d
08.05.2026,19:36:00,23.0,t
08.05.2026,19:36:00,22.6,b
08.05.2026,19:41:00,22.8,b
08.05.2026,19:42:00,23.0,t
08.05.2026,19:43:54,23.5,d
08.05.2026,19:52:54,23.6,d
08.05.2026,20:01:54,23.6,d
08.05.2026,20:37:56,23.3,k
08.05.2026,20:46:58,23.3,k
08.05.2026,20:55:58,23.3,k
08.05.2026,21:05:00,23.3,k
08.05.2026,21:14:00,23.5,k
08.05.2026,21:14:00,23.6,d
08.05.2026,21:23:00,23.7,d
08.05.2026,21:32:02,23.7,d
08.05.2026,21:37:00,23.3,b
08.05.2026,21:38:00,23.3,t
08.05.2026,21:41:02,23.7,d
08.05.2026,21:50:04,23.6,d
08.05.2026,21:59:04,23.6,d
08.05.2026,22:08:04,23.6,d
08.05.2026,22:17:06,23.5,d
08.05.2026,22:26:06,23.5,d
08.05.2026,22:35:06,23.4,d
08.05.2026,22:44:08,23.4,d
08.05.2026,22:53:08,23.4,d
08.05.2026,23:02:08,23.3,d
08.05.2026,23:11:10,23.3,d
08.05.2026,23:20:10,23.3,d
08.05.2026,23:29:10,23.3,d
08.05.2026,23:38:12,23.3,d
08.05.2026,23:47:12,23.2,d
08.05.2026,23:56:14,23.2,d
09.05.2026,00:05:14,23.2,d
09.05.2026,00:14:14,23.2,d
09.05.2026,00:23:16,23.1,d
09.05.2026,00:32:16,23.1,d
09.05.2026,00:41:16,23.1,d
09.05.2026,00:50:18,23.0,d
09.05.2026,00:59:18,23.0,d
09.05.2026,01:08:18,23.0,d
09.05.2026,01:17:20,23.0,d
09.05.2026,01:26:20,23.0,d
09.05.2026,01:35:20,22.9,d
09.05.2026,01:44:22,22.9,d
09.05.2026,01:53:22,22.9,d
09.05.2026,02:02:22,22.9,d
09.05.2026,02:11:24,22.9,d
09.05.2026,02:20:24,22.9,d
09.05.2026,02:29:24,22.9,d
09.05.2026,02:38:26,22.9,d
09.05.2026,02:47:26,22.8,d
09.05.2026,02:56:26,22.8,d
09.05.2026,03:05:28,22.8,d
09.05.2026,03:14:28,22.8,d
09.05.2026,03:23:28,22.8,d
09.05.2026,03:32:30,22.8,d
09.05.2026,03:41:30,22.8,d
09.05.2026,03:50:30,22.8,d
09.05.2026,03:59:32,22.8,d
09.05.2026,04:08:32,22.8,d
09.05.2026,04:17:32,22.8,d
09.05.2026,04:26:34,22.7,d
09.05.2026,04:35:34,22.7,d
09.05.2026,04:44:34,22.7,d
09.05.2026,04:53:36,22.7,d
09.05.2026,05:02:36,22.7,d
09.05.2026,05:11:36,22.7,d
09.05.2026,05:20:38,22.7,d
09.05.2026,05:29:38,22.7,d
09.05.2026,05:38:38,22.7,d
09.05.2026,05:47:40,22.7,d
09.05.2026,05:56:40,22.6,d
09.05.2026,06:05:40,22.6,d
09.05.2026,06:14:42,22.6,d
09.05.2026,06:23:42,22.6,d
09.05.2026,06:32:42,22.6,d
09.05.2026,06:41:44,22.5,d
09.05.2026,06:50:44,22.5,d
09.05.2026,06:59:44,22.5,d
09.05.2026,07:08:46,22.5,d
09.05.2026,07:17:46,22.5,d
09.05.2026,07:26:48,22.5,d
09.05.2026,07:35:48,22.5,d
09.05.2026,07:44:48,22.5,d
09.05.2026,07:53:48,22.4,d
09.05.2026,08:02:50,22.4,d
09.05.2026,08:11:50,22.4,d
09.05.2026,08:20:50,22.4,d
09.05.2026,08:29:52,22.4,d
09.05.2026,08:38:52,22.4,d
09.05.2026,08:47:54,22.3,d
09.05.2026,08:56:54,22.4,d
09.05.2026,09:05:54,22.4,d
09.05.2026,09:14:56,22.4,d
09.05.2026,09:23:56,22.4,d
09.05.2026,09:32:56,22.4,d
09.05.2026,09:41:56,22.4,d
09.05.2026,09:50:58,22.4,d
09.05.2026,09:59:58,22.4,d
09.05.2026,10:08:58,22.4,d
09.05.2026,10:18:00,22.4,d
09.05.2026,10:27:00,22.3,d
09.05.2026,10:36:00,22.3,d
09.05.2026,10:45:02,22.3,d
09.05.2026,10:54:02,22.2,d
09.05.2026,11:03:02,22.3,d
09.05.2026,11:12:04,22.3,d
09.05.2026,11:21:04,22.3,d
09.05.2026,11:30:04,22.3,d
09.05.2026,11:39:06,22.3,d
09.05.2026,11:48:06,22.2,d
09.05.2026,11:57:06,22.2,d
09.05.2026,12:06:08,22.3,d
09.05.2026,12:15:08,22.3,d
09.05.2026,12:24:08,22.3,d
09.05.2026,12:33:10,22.3,d
09.05.2026,12:42:10,22.3,d
09.05.2026,12:51:10,22.3,d
09.05.2026,13:00:10,22.3,d
09.05.2026,13:09:12,22.3,d
09.05.2026,13:18:12,22.3,d
09.05.2026,13:27:12,22.3,d
09.05.2026,13:36:14,22.3,d
09.05.2026,13:45:14,22.3,d
09.05.2026,13:54:14,22.3,d
09.05.2026,14:03:16,22.2,d
09.05.2026,14:12:16,22.2,d
09.05.2026,14:21:16,22.2,d
09.05.2026,14:30:18,22.3,d
09.05.2026,14:39:18,22.3,d
09.05.2026,14:48:18,22.3,d
09.05.2026,14:57:20,22.3,d
09.05.2026,15:06:20,22.3,d
09.05.2026,15:15:22,22.3,d
09.05.2026,15:24:22,22.3,d
09.05.2026,15:33:22,22.3,d
09.05.2026,15:42:24,22.2,d
09.05.2026,15:51:24,22.3,d
09.05.2026,16:00:24,22.3,d
09.05.2026,16:09:24,22.3,d
09.05.2026,16:18:26,22.3,d
09.05.2026,16:27:26,22.3,d
09.05.2026,16:36:28,22.3,d
09.05.2026,16:45:28,22.3,d
09.05.2026,16:54:28,22.3,d
09.05.2026,17:03:30,22.3,d
09.05.2026,17:12:30,22.3,d
09.05.2026,17:21:30,22.3,d
09.05.2026,17:30:32,22.3,d
09.05.2026,17:39:32,22.3,d
09.05.2026,17:48:32,22.3,d
09.05.2026,17:57:34,22.2,d
09.05.2026,18:06:34,22.2,d
09.05.2026,18:15:34,22.3,d
09.05.2026,18:24:36,22.3,d
09.05.2026,18:33:36,22.3,d
09.05.2026,18:42:36,22.3,d
09.05.2026,18:51:38,22.3,d
09.05.2026,19:00:38,22.3,d
09.05.2026,19:09:38,22.3,d
09.05.2026,19:18:40,22.3,d
09.05.2026,19:27:40,22.2,d
09.05.2026,19:36:40,22.3,d
09.05.2026,19:45:42,22.3,d
09.05.2026,19:54:42,22.3,d
09.05.2026,20:03:42,22.3,d
09.05.2026,20:12:44,22.2,d
09.05.2026,20:21:44,22.2,d
09.05.2026,20:30:44,22.2,d
09.05.2026,20:39:46,22.3,d
09.05.2026,20:48:46,22.3,d
09.05.2026,20:57:46,22.2,d
09.05.2026,21:06:48,22.2,d
09.05.2026,21:15:48,22.2,d
09.05.2026,21:24:48,22.1,d
09.05.2026,21:33:50,22.1,d
09.05.2026,21:42:50,22.1,d
09.05.2026,21:51:50,22.1,d
09.05.2026,22:00:52,22.1,d
09.05.2026,22:09:52,22.1,d
09.05.2026,22:18:54,22.1,d
09.05.2026,22:27:54,22.1,d
09.05.2026,22:36:54,22.1,d
09.05.2026,22:45:56,22.1,d
09.05.2026,22:54:56,22.1,d
09.05.2026,23:03:56,22.1,d
09.05.2026,23:12:58,22.1,d
09.05.2026,23:21:58,22.1,d
09.05.2026,23:30:58,22.1,d
09.05.2026,23:40:00,22.1,d
09.05.2026,23:49:00,22.1,d
09.05.2026,23:58:00,22.1,d
10.05.2026,00:07:02,22.1,d
10.05.2026,00:16:02,22.1,d
10.05.2026,00:25:02,22.1,d
10.05.2026,00:34:04,22.1,d
10.05.2026,00:43:04,22.1,d
10.05.2026,00:52:04,22.1,d
10.05.2026,01:01:06,22.1,d
10.05.2026,01:10:06,22.0,d
10.05.2026,01:19:06,22.0,d
10.05.2026,01:28:08,22.0,d
10.05.2026,01:37:08,22.0,d
10.05.2026,01:46:08,22.0,d
10.05.2026,01:55:10,22.0,d
10.05.2026,02:04:10,22.0,d
10.05.2026,02:13:12,22.0,d
10.05.2026,02:22:12,22.0,d
10.05.2026,02:31:12,22.0,d
10.05.2026,02:40:14,22.0,d
10.05.2026,02:49:14,22.0,d
10.05.2026,02:58:14,22.0,d
10.05.2026,03:07:14,22.0,d
10.05.2026,03:16:16,22.0,d
10.05.2026,03:25:16,21.9,d
10.05.2026,03:34:18,21.9,d
10.05.2026,03:43:18,21.9,d
10.05.2026,03:52:18,21.9,d
10.05.2026,04:01:20,21.9,d
10.05.2026,04:10:20,21.9,d
10.05.2026,04:19:20,21.9,d
10.05.2026,04:28:22,21.9,d
10.05.2026,04:37:22,21.9,d
10.05.2026,04:46:22,21.9,d
10.05.2026,04:55:24,21.9,d
10.05.2026,05:04:24,21.9,d
10.05.2026,05:13:24,21.9,d
10.05.2026,05:22:26,21.9,d
10.05.2026,05:31:26,21.9,d
10.05.2026,05:40:26,21.8,d
10.05.2026,05:49:26,21.8,d
10.05.2026,05:58:28,21.8,d
10.05.2026,06:07:28,21.8,d
10.05.2026,06:16:28,21.8,d
10.05.2026,06:25:30,21.8,d
10.05.2026,06:34:30,21.8,d
10.05.2026,06:43:30,21.8,d
10.05.2026,06:52:32,21.8,d
10.05.2026,07:01:32,21.8,d
10.05.2026,07:10:32,21.8,d
10.05.2026,07:19:34,21.8,d
10.05.2026,07:28:34,21.7,d
10.05.2026,07:37:34,21.8,d
10.05.2026,07:46:36,21.8,d
10.05.2026,07:55:36,21.8,d
10.05.2026,08:04:36,21.8,d
10.05.2026,08:13:38,21.8,d
10.05.2026,08:22:38,21.8,d
10.05.2026,08:31:38,21.8,d
10.05.2026,08:40:40,21.8,d
10.05.2026,08:49:40,21.7,d
10.05.2026,08:58:40,21.7,d
10.05.2026,09:07:42,21.8,d
10.05.2026,09:16:42,21.7,d
10.05.2026,09:25:42,21.7,d
10.05.2026,09:34:44,21.7,d
10.05.2026,09:43:44,21.7,d
10.05.2026,09:52:44,21.7,d
10.05.2026,10:01:46,21.7,d
10.05.2026,10:10:46,21.7,d
10.05.2026,10:19:46,21.6,d
10.05.2026,10:28:48,21.6,d
10.05.2026,10:37:48,21.6,d
10.05.2026,10:46:48,21.6,d
10.05.2026,10:55:50,21.6,d
10.05.2026,11:04:50,21.6,d
10.05.2026,11:13:50,21.6,d
10.05.2026,11:22:52,21.6,d
10.05.2026,11:31:52,21.6,d
10.05.2026,11:40:52,21.6,d
10.05.2026,11:49:54,21.6,d
10.05.2026,11:58:54,21.6,d
10.05.2026,12:07:54,21.6,d
10.05.2026,12:16:56,21.6,d
10.05.2026,12:25:56,21.6,d
10.05.2026,12:34:56,21.6,d
10.05.2026,12:43:58,21.6,d
10.05.2026,12:52:58,21.3,k
10.05.2026,13:01:58,21.3,k
10.05.2026,13:38:00,23.9,d
10.05.2026,13:47:02,22.7,d
10.05.2026,13:56:02,22.3,d
10.05.2026,14:05:02,22.3,d
10.05.2026,14:14:04,22.3,d
10.05.2026,14:23:04,22.2,d
10.05.2026,14:32:04,22.1,d
10.05.2026,14:41:06,22.1,d
10.05.2026,14:50:06,22.1,d
10.05.2026,14:59:08,22.1,d
10.05.2026,15:08:08,22.0,d
10.05.2026,15:17:08,21.9,d
10.05.2026,15:26:08,21.9,d
10.05.2026,15:35:10,22.0,d
10.05.2026,15:44:10,22.0,d
10.05.2026,15:53:10,21.9,d
10.05.2026,16:02:12,21.9,d
10.05.2026,16:11:12,21.9,d
10.05.2026,16:20:12,21.9,d
10.05.2026,16:29:12,21.8,d
10.05.2026,16:38:14,21.8,d
10.05.2026,16:47:14,21.8,d
10.05.2026,16:56:14,21.8,d
10.05.2026,17:05:14,21.8,d
10.05.2026,17:14:16,21.9,d
10.05.2026,17:23:16,22.0,d
10.05.2026,17:32:16,22.1,d
10.05.2026,17:41:16,22.0,d
10.05.2026,17:50:18,22.0,d
10.05.2026,17:59:18,22.0,d
10.05.2026,18:08:18,22.0,d
10.05.2026,18:17:20,21.9,d
10.05.2026,18:26:20,21.9,d
10.05.2026,18:35:20,21.9,d
10.05.2026,18:44:20,21.8,d
10.05.2026,18:53:20,21.8,d
10.05.2026,19:02:22,21.8,d
10.05.2026,19:11:22,21.8,d
10.05.2026,19:20:22,21.8,d
10.05.2026,19:29:24,21.8,d
10.05.2026,19:38:24,21.8,d
10.05.2026,19:47:24,21.7,d
10.05.2026,19:56:24,21.7,d
10.05.2026,20:05:26,21.7,d
10.05.2026,20:14:26,21.7,d
10.05.2026,20:23:26,21.7,d
10.05.2026,20:32:26,21.7,d
10.05.2026,20:41:26,21.6,d
10.05.2026,20:50:28,21.6,d
10.05.2026,20:59:28,21.6,d
10.05.2026,21:08:28,21.6,d
10.05.2026,21:17:30,21.6,d
10.05.2026,21:26:30,21.6,d
10.05.2026,21:35:30,21.6,d
10.05.2026,21:44:32,21.6,d
10.05.2026,21:53:32,21.6,d
10.05.2026,22:02:32,21.5,d
10.05.2026,22:11:32,21.5,d
10.05.2026,22:20:34,21.5,d
10.05.2026,22:29:34,21.5,d
10.05.2026,22:38:34,21.5,d
10.05.2026,22:47:34,21.5,d
10.05.2026,22:56:36,21.5,d
10.05.2026,23:05:36,21.5,d
10.05.2026,23:14:36,21.5,d
10.05.2026,23:23:36,21.5,d
10.05.2026,23:32:38,21.4,d
10.05.2026,23:41:38,21.5,d
10.05.2026,23:50:38,21.5,d
10.05.2026,23:59:38,21.4,d
11.05.2026,00:08:40,21.4,d
11.05.2026,00:17:40,21.4,d
11.05.2026,00:26:40,21.4,d
11.05.2026,00:35:40,21.4,d
11.05.2026,00:44:42,21.4,d
11.05.2026,00:53:42,21.4,d
11.05.2026,01:02:42,21.4,d
11.05.2026,01:11:42,21.4,d
11.05.2026,01:20:44,21.4,d
11.05.2026,01:29:44,21.4,d
11.05.2026,01:38:44,21.4,d
11.05.2026,01:47:44,21.4,d
11.05.2026,01:56:44,21.4,d
11.05.2026,02:05:46,21.4,d
11.05.2026,02:14:46,21.4,d
11.05.2026,02:23:46,21.4,d
11.05.2026,02:32:46,21.4,d
11.05.2026,02:41:48,21.4,d
11.05.2026,02:50:48,21.3,d
11.05.2026,02:59:48,21.3,d
11.05.2026,03:08:48,21.4,d
11.05.2026,03:17:50,21.4,d
11.05.2026,03:26:50,21.4,d
11.05.2026,03:35:50,21.3,d
11.05.2026,03:44:52,21.4,d
11.05.2026,03:53:52,21.3,d
11.05.2026,04:02:52,21.3,d
11.05.2026,04:11:52,21.3,d
11.05.2026,04:20:54,21.3,d
11.05.2026,04:29:54,21.3,d
11.05.2026,04:38:54,21.3,d
11.05.2026,04:47:54,21.3,d
11.05.2026,04:56:56,21.3,d
11.05.2026,05:05:56,21.3,d
11.05.2026,05:14:56,21.3,d
11.05.2026,05:23:58,21.3,d
11.05.2026,05:32:58,21.3,d
11.05.2026,05:41:58,21.3,d
11.05.2026,05:50:58,21.3,d
11.05.2026,05:59:58,21.3,d
11.05.2026,06:09:00,21.3,d
11.05.2026,06:18:00,21.3,d
11.05.2026,06:27:00,21.3,d
11.05.2026,06:36:00,21.2,d
11.05.2026,06:45:02,21.2,d
11.05.2026,06:54:02,21.3,d
11.05.2026,07:03:02,21.2,d
11.05.2026,07:12:02,21.3,d
11.05.2026,07:21:02,21.3,d
11.05.2026,07:30:04,21.3,d
11.05.2026,07:39:04,21.2,d
11.05.2026,07:48:04,21.2,d
11.05.2026,07:57:04,21.2,d
11.05.2026,08:06:06,21.2,d
11.05.2026,08:15:06,21.2,d
11.05.2026,08:24:06,21.2,d
11.05.2026,08:33:06,21.2,d
11.05.2026,08:42:06,21.2,d
11.05.2026,08:51:08,21.2,d
11.05.2026,09:00:08,21.2,d
11.05.2026,09:09:08,21.2,d
11.05.2026,09:18:08,21.2,d
11.05.2026,09:27:10,21.2,d
11.05.2026,09:36:10,21.2,d
11.05.2026,09:45:10,21.2,d
11.05.2026,09:54:10,21.2,d
11.05.2026,10:03:12,21.2,d
11.05.2026,10:12:12,21.2,d
11.05.2026,10:21:12,21.2,d
11.05.2026,10:30:12,21.2,d
11.05.2026,10:39:14,21.2,d
11.05.2026,10:48:14,21.2,d
11.05.2026,10:57:14,21.2,d
11.05.2026,11:06:14,21.2,d
11.05.2026,11:15:16,21.2,d
11.05.2026,11:24:16,21.2,d
11.05.2026,11:33:16,21.2,d
11.05.2026,11:42:16,21.2,d
11.05.2026,11:51:18,21.2,d
11.05.2026,12:00:18,21.2,d
11.05.2026,12:09:18,21.2,d
11.05.2026,12:18:18,21.2,d
11.05.2026,12:27:20,21.2,d
11.05.2026,12:36:20,21.2,d
11.05.2026,12:45:20,21.2,d
11.05.2026,12:54:20,21.2,d
11.05.2026,13:03:22,21.2,d
11.05.2026,13:12:22,21.2,d
11.05.2026,13:21:22,21.2,d
11.05.2026,13:30:22,21.2,d
11.05.2026,13:39:22,21.2,d
11.05.2026,13:48:24,21.2,d
11.05.2026,13:57:24,21.2,d
11.05.2026,14:06:24,21.2,d
11.05.2026,14:15:26,21.2,d
11.05.2026,14:24:26,21.2,d
11.05.2026,14:33:26,21.2,d
11.05.2026,14:42:26,21.2,d
11.05.2026,14:51:28,21.2,d
11.05.2026,15:00:28,21.2,d
11.05.2026,15:09:28,21.2,d
11.05.2026,15:18:28,21.2,d
11.05.2026,15:27:30,21.2,d
11.05.2026,15:36:30,21.2,d
11.05.2026,15:45:30,21.2,d
11.05.2026,15:54:30,21.2,d
11.05.2026,16:03:32,21.2,d
11.05.2026,16:12:32,21.2,d
11.05.2026,16:21:32,21.2,d
11.05.2026,16:30:32,21.2,d
11.05.2026,16:39:34,21.1,d
11.05.2026,16:48:34,21.2,d
11.05.2026,16:57:34,21.2,d
11.05.2026,17:06:34,21.2,d
11.05.2026,17:15:36,21.2,d
11.05.2026,17:24:36,21.1,d
11.05.2026,17:33:36,21.1,d
11.05.2026,17:42:36,21.1,d
11.05.2026,17:51:38,21.1,d
11.05.2026,18:00:38,21.2,d
11.05.2026,18:09:38,21.1,d
11.05.2026,18:18:38,21.1,d
11.05.2026,18:27:40,21.1,d
11.05.2026,18:36:40,21.1,d
11.05.2026,18:45:40,21.1,d
11.05.2026,18:54:42,21.1,d
11.05.2026,19:03:42,21.1,d
11.05.2026,19:12:42,21.1,d
11.05.2026,19:21:42,21.1,d
11.05.2026,19:30:44,21.1,d
11.05.2026,19:39:44,21.1,d
11.05.2026,19:48:44,21.1,d
11.05.2026,19:57:44,21.1,d
11.05.2026,20:06:46,21.1,d
11.05.2026,20:15:46,21.1,d
11.05.2026,20:24:46,21.1,d
11.05.2026,20:33:46,21.0,d
11.05.2026,20:42:48,21.0,d
11.05.2026,20:51:48,21.0,d
11.05.2026,21:00:48,21.0,d
11.05.2026,21:09:48,21.0,d
11.05.2026,21:18:50,21.0,d
11.05.2026,21:27:50,21.0,d
11.05.2026,21:36:50,21.0,d
11.05.2026,21:45:50,21.0,d
11.05.2026,21:54:52,21.0,d
11.05.2026,22:03:52,21.0,d
11.05.2026,22:12:52,21.0,d
11.05.2026,22:21:52,21.0,d
11.05.2026,22:30:54,21.0,d
11.05.2026,22:39:54,21.0,d
11.05.2026,22:48:54,20.9,d
11.05.2026,22:57:54,21.0,d
11.05.2026,23:06:56,20.9,d
11.05.2026,23:15:56,21.0,d
11.05.2026,23:24:56,20.9,d
11.05.2026,23:33:56,21.0,d
11.05.2026,23:42:58,20.9,d
11.05.2026,23:51:58,20.9,d
12.05.2026,00:00:58,21.0,d
12.05.2026,00:09:58,20.9,d
12.05.2026,00:19:00,20.9,d
12.05.2026,00:28:00,21.0,d
12.05.2026,00:37:00,20.9,d
12.05.2026,00:46:00,21.0,d
12.05.2026,00:55:02,21.0,d
12.05.2026,01:04:02,21.0,d
12.05.2026,01:13:02,21.0,d
12.05.2026,01:22:02,21.0,d
12.05.2026,01:31:02,21.0,d
12.05.2026,01:40:04,20.9,d
12.05.2026,01:49:04,20.9,d
12.05.2026,01:58:04,20.9,d
12.05.2026,02:07:04,20.9,d
12.05.2026,02:16:06,20.9,d
12.05.2026,02:25:06,20.9,d
12.05.2026,02:34:06,20.9,d
12.05.2026,02:43:06,20.9,d
12.05.2026,02:52:06,20.9,d
12.05.2026,03:01:08,20.9,d
12.05.2026,03:10:08,20.9,d
12.05.2026,03:19:08,20.9,d
12.05.2026,03:28:08,20.9,d
12.05.2026,03:37:10,20.9,d
12.05.2026,03:46:10,20.9,d
12.05.2026,03:55:10,20.9,d
12.05.2026,04:04:12,20.9,d
12.05.2026,04:13:12,20.9,d
12.05.2026,04:22:12,20.9,d
12.05.2026,04:31:12,20.9,d
12.05.2026,04:40:14,20.9,d
12.05.2026,04:49:14,20.9,d
12.05.2026,04:58:14,20.9,d
12.05.2026,05:07:14,20.9,d
12.05.2026,05:16:14,20.8,d
12.05.2026,05:25:16,20.9,d
12.05.2026,05:34:16,20.8,d
12.05.2026,05:43:16,20.9,d
12.05.2026,05:52:16,20.8,d
12.05.2026,06:01:18,20.8,d
12.05.2026,06:10:18,20.8,d
12.05.2026,06:19:18,20.8,d
12.05.2026,06:28:18,20.8,d
12.05.2026,06:37:20,20.8,d
12.05.2026,06:46:20,20.8,d
12.05.2026,06:55:20,20.8,d
12.05.2026,07:04:20,20.8,d
12.05.2026,07:13:20,20.8,d
12.05.2026,07:22:22,20.8,d
12.05.2026,07:31:22,20.8,d
12.05.2026,07:40:22,20.8,d
12.05.2026,07:49:22,20.8,d
12.05.2026,07:58:24,20.8,d
12.05.2026,08:07:24,20.8,d
12.05.2026,08:16:24,20.8,d
12.05.2026,08:25:24,20.8,d
12.05.2026,08:34:26,20.8,d
12.05.2026,08:43:26,20.8,d
12.05.2026,08:52:26,20.8,d
12.05.2026,09:01:26,20.8,d
12.05.2026,09:10:28,20.8,d
12.05.2026,09:19:28,20.8,d
12.05.2026,09:28:28,20.8,d
12.05.2026,09:37:28,20.7,d
12.05.2026,09:46:30,20.7,d
12.05.2026,09:55:30,20.7,d
12.05.2026,10:04:30,20.7,d
12.05.2026,10:13:30,20.7,d
12.05.2026,10:22:32,20.8,d
12.05.2026,10:31:32,20.7,d
12.05.2026,10:40:32,20.8,d
12.05.2026,10:49:34,20.7,d
12.05.2026,10:58:34,20.8,d
12.05.2026,11:07:34,20.7,d
12.05.2026,11:16:34,20.8,d
12.05.2026,11:25:34,20.7,d
12.05.2026,11:34:36,20.7,d
12.05.2026,11:43:36,20.7,d
12.05.2026,11:52:36,20.7,d
12.05.2026,12:01:36,20.7,d
12.05.2026,12:10:38,20.7,d
12.05.2026,12:19:38,20.7,d
12.05.2026,12:28:38,20.7,d
12.05.2026,12:37:38,20.7,d
12.05.2026,12:46:40,20.8,d
12.05.2026,12:55:40,20.7,d
12.05.2026,13:04:40,20.7,d
12.05.2026,13:13:40,20.7,d
12.05.2026,13:22:42,20.7,d
12.05.2026,13:31:42,20.7,d
12.05.2026,13:40:42,20.7,d
12.05.2026,13:49:42,20.7,d
12.05.2026,13:58:44,20.7,d
12.05.2026,14:07:44,20.7,d
12.05.2026,14:16:44,20.8,d
12.05.2026,14:25:44,21.2,d
12.05.2026,14:34:46,21.6,d
12.05.2026,14:43:46,22.1,d
12.05.2026,14:52:46,22.5,d
12.05.2026,15:01:46,22.9,d
12.05.2026,15:10:48,23.2,d
12.05.2026,15:19:48,23.5,d
12.05.2026,15:28:48,23.7,d
12.05.2026,15:37:48,23.9,d
12.05.2026,15:46:50,24.1,d
12.05.2026,15:55:50,24.2,d
12.05.2026,16:04:50,24.4,d
12.05.2026,16:13:50,24.6,d
12.05.2026,16:22:52,24.6,d
12.05.2026,16:31:52,24.4,d
12.05.2026,19:50:02,23.4,d
12.05.2026,19:59:02,22.5,d
12.05.2026,20:08:02,22.1,d
12.05.2026,20:17:04,21.9,d
12.05.2026,20:26:04,21.8,d
12.05.2026,20:35:04,21.8,d
12.05.2026,20:44:04,21.7,d
12.05.2026,20:53:06,21.7,d
12.05.2026,21:02:06,21.6,d
12.05.2026,21:11:06,21.6,d
12.05.2026,21:20:06,21.6,d
12.05.2026,21:29:08,21.6,d
12.05.2026,21:38:08,21.5,d
12.05.2026,21:47:08,21.5,d
12.05.2026,21:56:08,21.4,d
12.05.2026,22:05:10,21.4,d
12.05.2026,22:14:10,21.4,d
12.05.2026,22:23:10,21.4,d
12.05.2026,22:32:10,21.3,d
12.05.2026,22:41:12,21.3,d
12.05.2026,22:50:12,21.3,d
12.05.2026,22:59:12,21.3,d
12.05.2026,23:08:12,21.3,d
12.05.2026,23:17:12,21.2,d
12.05.2026,23:26:14,21.2,d
12.05.2026,23:35:14,21.2,d
12.05.2026,23:44:14,21.1,d
12.05.2026,23:53:14,21.1,d
13.05.2026,00:02:16,21.1,d
13.05.2026,00:11:16,21.1,d
13.05.2026,00:20:16,21.1,d
13.05.2026,00:29:16,21.1,d
13.05.2026,00:38:18,21.0,d
13.05.2026,00:47:18,21.1,d
13.05.2026,00:56:18,21.0,d
13.05.2026,01:05:20,21.0,d
13.05.2026,01:14:20,21.0,d
13.05.2026,01:23:20,21.0,d
13.05.2026,01:32:22,21.0,d
13.05.2026,01:41:22,21.0,d
13.05.2026,01:50:22,21.0,d
13.05.2026,01:59:22,21.0,d
13.05.2026,02:08:22,20.9,d
13.05.2026,02:17:24,20.9,d
13.05.2026,02:26:24,20.9,d
13.05.2026,02:35:24,20.9,d
13.05.2026,02:44:26,21.0,d
13.05.2026,02:53:26,20.9,d
13.05.2026,03:02:26,20.9,d
13.05.2026,03:11:26,20.9,d
13.05.2026,03:20:28,20.9,d
13.05.2026,03:29:28,20.9,d
13.05.2026,03:38:28,20.9,d
13.05.2026,03:47:28,20.9,d
13.05.2026,03:56:28,20.9,d
13.05.2026,04:05:30,20.9,d
13.05.2026,04:14:30,20.9,d
13.05.2026,04:23:30,20.8,d
13.05.2026,04:32:30,20.8,d
13.05.2026,04:41:32,20.8,d
13.05.2026,04:50:32,20.9,d
13.05.2026,04:59:32,20.8,d
13.05.2026,05:08:32,20.8,d
13.05.2026,05:17:34,20.8,d
13.05.2026,05:26:34,20.8,d
13.05.2026,05:35:34,20.8,d
13.05.2026,05:44:34,20.8,d
13.05.2026,05:53:34,20.8,d
13.05.2026,06:02:36,20.8,d
13.05.2026,06:11:36,20.8,d
13.05.2026,06:20:36,20.8,d
13.05.2026,06:29:36,20.7,d
13.05.2026,06:38:38,20.7,d
13.05.2026,06:47:38,20.7,d
13.05.2026,06:56:38,20.7,d
13.05.2026,07:05:38,20.7,d
13.05.2026,07:14:38,20.7,d
13.05.2026,07:23:40,20.7,d
13.05.2026,07:32:40,20.7,d
13.05.2026,07:41:40,20.7,d
13.05.2026,07:50:40,20.7,d
13.05.2026,07:59:40,20.7,d
13.05.2026,08:08:42,20.7,d
13.05.2026,08:17:42,20.7,d
13.05.2026,08:26:42,20.7,d
13.05.2026,08:35:42,20.7,d
13.05.2026,08:44:42,20.7,d
13.05.2026,08:53:44,20.7,d
13.05.2026,09:02:44,20.6,d
13.05.2026,09:11:44,20.7,d
13.05.2026,09:20:44,20.7,d
13.05.2026,09:29:46,20.7,d
13.05.2026,09:38:46,20.6,d
13.05.2026,09:47:46,20.7,d
13.05.2026,09:56:46,20.6,d
13.05.2026,10:05:48,20.7,d
13.05.2026,10:14:48,20.7,d
13.05.2026,10:23:48,20.7,d
13.05.2026,10:32:48,20.7,d
13.05.2026,10:41:50,20.7,d
13.05.2026,10:50:50,20.7,d
13.05.2026,10:59:50,20.7,d
13.05.2026,11:08:50,20.7,d
13.05.2026,11:17:52,20.7,d
13.05.2026,11:26:52,20.7,d
13.05.2026,11:35:52,20.7,d
13.05.2026,11:44:52,20.7,d
13.05.2026,11:53:54,20.7,d
13.05.2026,12:02:54,20.8,d
13.05.2026,12:11:54,20.8,d
13.05.2026,12:20:56,20.8,d
13.05.2026,12:29:56,20.8,d
13.05.2026,12:38:56,20.8,d
13.05.2026,12:47:56,20.8,d
13.05.2026,12:56:56,20.8,d
13.05.2026,13:05:58,20.8,d
13.05.2026,13:14:58,20.8,d
13.05.2026,13:23:58,20.8,d
13.05.2026,13:32:58,20.8,d
13.05.2026,13:42:00,20.8,d
13.05.2026,13:51:00,20.9,d
13.05.2026,14:00:00,20.8,d
13.05.2026,14:09:02,20.8,d
13.05.2026,14:18:02,20.8,d
13.05.2026,14:27:02,20.9,d
13.05.2026,14:36:02,20.8,d
13.05.2026,14:45:04,20.9,d
13.05.2026,14:54:04,20.9,d
13.05.2026,15:03:04,20.9,d
13.05.2026,15:12:04,20.9,d
13.05.2026,15:21:06,20.9,d
13.05.2026,15:30:06,20.9,d
13.05.2026,15:39:06,20.9,d
13.05.2026,15:48:06,20.9,d
13.05.2026,15:57:08,20.9,d
13.05.2026,16:06:08,20.9,d
13.05.2026,16:15:08,20.9,d
13.05.2026,16:24:10,20.9,d
13.05.2026,16:33:10,20.9,d
13.05.2026,16:42:10,20.9,d
13.05.2026,16:51:10,20.9,d
13.05.2026,17:00:12,20.9,d
13.05.2026,17:09:12,20.9,d
13.05.2026,19:06:20,25.1,d
13.05.2026,19:15:20,23.2,d
13.05.2026,19:24:20,22.5,d
13.05.2026,19:33:22,22.4,d
13.05.2026,19:42:22,22.3,d
13.05.2026,19:51:22,22.2,d
13.05.2026,20:00:22,22.1,d
13.05.2026,20:09:24,22.0,d
13.05.2026,20:18:24,22.0,d
13.05.2026,20:27:24,21.9,d
13.05.2026,20:36:24,21.9,d
13.05.2026,20:45:26,21.8,d
13.05.2026,20:54:26,21.8,d
13.05.2026,21:03:26,21.8,d
13.05.2026,21:12:28,21.8,d
13.05.2026,21:21:28,21.7,d
13.05.2026,21:30:28,21.7,d
13.05.2026,21:39:28,21.6,d
13.05.2026,21:48:30,21.6,d
13.05.2026,21:57:30,21.6,d
13.05.2026,22:06:30,21.6,d
13.05.2026,22:15:30,21.6,d
13.05.2026,22:24:32,21.5,d
13.05.2026,22:33:32,21.5,d
13.05.2026,22:42:32,21.5,d
13.05.2026,22:51:32,21.5,d
13.05.2026,23:00:34,21.4,d
13.05.2026,23:09:34,21.4,d
13.05.2026,23:18:34,21.4,d
13.05.2026,23:27:34,21.4,d
13.05.2026,23:36:34,21.4,d
13.05.2026,23:45:36,21.4,d
13.05.2026,23:54:36,21.4,d
14.05.2026,00:03:36,21.3,d
14.05.2026,00:12:36,21.3,d
14.05.2026,00:21:38,21.4,d
14.05.2026,00:30:38,21.3,d
14.05.2026,00:39:38,21.3,d
14.05.2026,00:48:38,21.3,d
14.05.2026,00:57:40,21.3,d
14.05.2026,01:06:40,21.3,d
14.05.2026,01:15:40,21.3,d
14.05.2026,01:24:42,21.3,d
14.05.2026,01:33:42,21.3,d
14.05.2026,01:42:42,21.2,d
14.05.2026,01:51:42,21.3,d
14.05.2026,02:00:44,21.2,d
14.05.2026,02:09:44,21.2,d
14.05.2026,02:18:44,21.2,d
14.05.2026,02:27:46,21.2,d
14.05.2026,02:36:46,21.2,d
14.05.2026,02:45:46,21.2,d
14.05.2026,02:54:46,21.2,d
14.05.2026,03:03:48,21.1,d
14.05.2026,03:12:48,21.2,d
14.05.2026,03:21:48,21.1,d
14.05.2026,03:30:48,21.2,d
14.05.2026,03:39:50,21.1,d
14.05.2026,03:48:50,21.1,d
14.05.2026,03:57:50,21.1,d
14.05.2026,04:06:50,21.1,d
14.05.2026,04:15:50,21.1,d
14.05.2026,04:24:52,21.1,d
14.05.2026,04:33:52,21.1,d
14.05.2026,04:42:52,21.1,d
14.05.2026,04:51:54,21.1,d
14.05.2026,05:00:54,21.1,d
14.05.2026,05:09:54,21.1,d
14.05.2026,05:18:56,21.1,d
14.05.2026,05:27:56,21.0,d
14.05.2026,05:36:56,21.1,d
14.05.2026,05:45:56,21.0,d
14.05.2026,05:54:58,21.0,d
14.05.2026,06:03:58,21.0,d
14.05.2026,06:12:58,21.0,d
14.05.2026,06:22:00,21.0,d
14.05.2026,06:31:00,21.0,d
14.05.2026,06:40:00,21.0,d
14.05.2026,06:49:00,21.0,d
14.05.2026,06:58:00,21.0,d
14.05.2026,07:07:02,21.0,d
14.05.2026,07:16:02,21.0,d
14.05.2026,07:25:02,21.0,d
14.05.2026,07:34:02,21.0,d
14.05.2026,07:43:04,21.0,d
14.05.2026,07:52:04,21.0,d
14.05.2026,08:01:04,21.0,d
14.05.2026,08:10:06,21.0,d
14.05.2026,08:19:06,21.0,d
14.05.2026,08:28:06,21.0,d
14.05.2026,08:37:06,21.0,d
14.05.2026,08:46:08,21.0,d
14.05.2026,08:55:08,21.0,d
14.05.2026,09:04:08,21.0,d
14.05.2026,09:13:08,21.0,d
14.05.2026,09:22:10,21.1,d
14.05.2026,09:31:10,21.0,d
14.05.2026,09:40:10,21.1,d
14.05.2026,09:49:10,21.0,d
14.05.2026,09:58:10,21.0,d
14.05.2026,10:07:12,21.0,d
14.05.2026,10:16:12,21.1,d
14.05.2026,10:25:12,21.0,d
14.05.2026,10:34:12,21.1,d
14.05.2026,10:43:14,21.1,d
14.05.2026,10:52:14,21.1,d
14.05.2026,11:01:14,21.1,d
14.05.2026,11:10:16,21.1,d
14.05.2026,11:19:16,21.1,d
14.05.2026,11:28:16,21.1,d
14.05.2026,11:37:16,21.1,d
14.05.2026,11:46:18,21.1,d
14.05.2026,11:55:18,21.1,d
14.05.2026,12:04:18,21.1,d
14.05.2026,12:13:18,21.1,d
14.05.2026,12:22:18,21.1,d
14.05.2026,12:31:20,21.1,d
14.05.2026,12:40:20,21.1,d
14.05.2026,12:49:20,21.1,d
14.05.2026,12:58:22,21.1,d
14.05.2026,13:07:22,21.1,d
14.05.2026,13:16:22,21.1,d
14.05.2026,13:25:22,21.1,d
14.05.2026,13:34:22,21.1,d
14.05.2026,13:43:24,21.1,d
14.05.2026,13:52:24,21.1,d
14.05.2026,14:01:24,21.2,d
14.05.2026,14:10:24,21.1,d
14.05.2026,14:19:26,21.2,d
14.05.2026,14:28:26,21.1,d
14.05.2026,14:37:26,21.2,d
14.05.2026,14:46:28,21.1,d
14.05.2026,14:55:28,21.2,d
14.05.2026,15:04:28,21.2,d
14.05.2026,15:13:28,21.2,d
14.05.2026,15:22:28,21.2,d
14.05.2026,15:31:30,21.2,d
14.05.2026,15:40:30,21.2,d
14.05.2026,15:49:30,21.2,d
14.05.2026,15:58:30,21.2,d
14.05.2026,16:07:32,21.2,d
14.05.2026,16:16:32,21.4,d
14.05.2026,16:25:32,21.9,d
14.05.2026,16:34:34,22.1,d
14.05.2026,16:43:34,22.0,d
14.05.2026,19:07:44,24.7,d2
14.05.2026,19:16:44,23.7,d2
14.05.2026,19:25:44,23.4,d2
14.05.2026,19:34:44,23.2,d2
14.05.2026,19:43:46,23.0,d2
14.05.2026,19:52:46,22.7,d2
14.05.2026,20:01:46,22.7,d2
14.05.2026,20:10:46,22.7,d2
14.05.2026,20:19:48,22.7,d2
14.05.2026,20:28:48,22.7,d2
14.05.2026,20:37:48,22.7,d2
14.05.2026,20:46:50,22.7,d2
14.05.2026,20:55:50,22.7,d2
14.05.2026,21:04:50,22.7,d2
14.05.2026,21:13:50,22.7,d2
14.05.2026,21:22:52,22.7,d2
14.05.2026,21:31:52,22.7,d2
14.05.2026,21:40:52,22.7,d2
14.05.2026,21:49:52,22.7,d2
14.05.2026,21:58:54,22.7,d2
14.05.2026,22:07:54,22.7,d2
14.05.2026,22:16:54,22.7,d2
14.05.2026,22:25:56,22.7,d2
14.05.2026,22:34:56,22.7,d2
14.05.2026,22:43:56,22.6,d2
14.05.2026,22:52:56,22.5,d2
14.05.2026,23:01:58,22.5,d2
14.05.2026,23:10:58,22.5,d2
14.05.2026,23:19:58,22.5,d2
14.05.2026,23:29:00,22.4,d2
14.05.2026,23:38:00,22.4,d2
14.05.2026,23:47:00,22.4,d2
14.05.2026,23:56:02,22.4,d2
15.05.2026,00:05:02,22.4,d2
15.05.2026,00:14:02,22.4,d2
15.05.2026,00:23:02,22.4,d2
15.05.2026,00:32:04,22.3,d2
15.05.2026,00:41:04,22.3,d2
15.05.2026,00:50:04,22.3,d2
15.05.2026,00:59:04,22.3,d2
15.05.2026,01:08:06,22.3,d2
15.05.2026,01:17:06,22.3,d2
15.05.2026,01:26:06,22.3,d2
15.05.2026,01:35:06,22.3,d2
15.05.2026,01:44:08,22.3,d2
15.05.2026,01:53:08,22.3,d2
15.05.2026,02:02:08,22.3,d2
15.05.2026,02:11:08,22.3,d2
15.05.2026,02:20:10,22.2,d2
15.05.2026,02:29:10,22.2,d2
15.05.2026,02:38:10,22.2,d2
15.05.2026,02:47:10,22.2,d2
15.05.2026,02:56:12,22.2,d2
15.05.2026,03:05:12,22.2,d2
15.05.2026,03:14:12,22.2,d2
15.05.2026,03:23:12,22.2,d2
15.05.2026,03:32:14,22.2,d2
15.05.2026,03:41:14,22.2,d2
15.05.2026,03:50:14,22.2,d2
15.05.2026,03:59:16,22.2,d2
15.05.2026,04:08:16,22.2,d2
15.05.2026,04:17:16,22.2,d2
15.05.2026,04:26:18,22.2,d2
15.05.2026,04:35:18,22.2,d2
15.05.2026,04:44:18,22.1,d2
15.05.2026,04:53:18,22.1,d2
15.05.2026,05:02:20,22.1,d2
15.05.2026,05:11:20,22.1,d2
15.05.2026,05:20:20,22.1,d2
15.05.2026,05:29:20,22.1,d2
15.05.2026,05:38:22,22.1,d2
15.05.2026,05:47:22,22.1,d2
15.05.2026,05:56:22,22.1,d2
15.05.2026,06:05:22,22.1,d2
15.05.2026,06:14:24,22.1,d2
15.05.2026,06:23:24,22.1,d2
15.05.2026,06:32:24,22.1,d2
15.05.2026,06:41:24,22.1,d2
15.05.2026,06:50:26,22.1,d2
15.05.2026,06:59:26,22.1,d2
15.05.2026,07:08:26,22.1,d2
15.05.2026,07:17:26,22.1,d2
15.05.2026,07:26:28,22.1,d2
15.05.2026,07:35:28,22.1,d2
15.05.2026,07:44:28,22.1,d2
15.05.2026,07:53:30,22.1,d2
15.05.2026,08:02:30,22.1,d2
15.05.2026,08:11:30,22.1,d2
15.05.2026,08:20:30,22.1,d2
15.05.2026,08:29:32,22.1,d2
15.05.2026,08:38:32,22.1,d2
15.05.2026,08:47:32,22.1,d2
15.05.2026,08:56:32,22.1,d2
15.05.2026,09:05:34,22.1,d2
15.05.2026,09:14:34,22.1,d2
15.05.2026,09:23:34,22.1,d2
15.05.2026,09:32:36,22.1,d2
15.05.2026,09:41:36,22.1,d2
15.05.2026,09:50:36,22.1,d2
15.05.2026,09:59:38,22.1,d2
15.05.2026,10:08:38,22.1,d2
15.05.2026,10:17:38,22.2,d2
15.05.2026,10:26:38,22.2,d2
15.05.2026,10:35:40,22.2,d2
15.05.2026,10:44:40,22.2,d2
15.05.2026,10:53:40,22.2,d2
15.05.2026,11:02:40,22.2,d2
15.05.2026,11:11:42,22.2,d2
15.05.2026,11:20:42,22.2,d2
15.05.2026,11:29:42,22.2,d2
15.05.2026,11:38:42,22.2,d2
15.05.2026,11:47:44,22.2,d2
15.05.2026,11:56:44,22.2,d2
15.05.2026,12:05:44,22.2,d2
15.05.2026,12:14:44,22.2,d2
15.05.2026,12:23:46,22.2,d2
15.05.2026,12:32:46,22.2,d2
15.05.2026,12:41:46,22.2,d2
15.05.2026,12:50:46,22.2,d2
15.05.2026,12:59:48,22.2,d2
15.05.2026,13:08:48,22.2,d2
15.05.2026,13:17:48,22.2,d2
15.05.2026,13:26:50,22.2,d2
15.05.2026,13:35:50,22.2,d2
15.05.2026,13:44:50,22.2,d2
15.05.2026,13:53:52,22.2,d2
15.05.2026,14:02:52,22.3,d2
15.05.2026,14:11:52,22.3,d2
15.05.2026,14:20:54,22.3,d2
15.05.2026,14:29:54,22.3,d2
15.05.2026,14:38:54,22.3,d2
15.05.2026,14:47:54,22.3,d2
15.05.2026,14:56:56,22.3,d2
15.05.2026,15:05:56,22.3,d2
15.05.2026,15:14:56,22.3,d2
15.05.2026,15:23:56,22.3,d2
15.05.2026,15:32:58,22.3,d2
15.05.2026,15:41:58,22.3,d2
15.05.2026,15:50:58,22.3,d2
15.05.2026,15:59:58,22.3,d2
15.05.2026,16:09:00,22.3,d2
15.05.2026,16:18:00,22.3,d2
15.05.2026,16:27:00,22.3,d2
15.05.2026,16:36:00,22.3,d2
15.05.2026,16:45:02,22.3,d2
15.05.2026,16:54:02,22.3,d2
15.05.2026,17:03:02,22.3,d2
15.05.2026,17:12:02,22.3,d2
15.05.2026,17:21:04,22.3,d2
15.05.2026,17:30:04,22.3,d2
15.05.2026,17:39:04,22.4,d2
15.05.2026,17:48:06,22.4,d2
15.05.2026,17:57:06,22.4,d2
15.05.2026,18:06:06,22.4,d2
15.05.2026,18:15:08,22.4,d2
15.05.2026,18:24:08,22.4,d2
15.05.2026,18:33:08,22.4,d2
15.05.2026,18:42:08,22.4,d2
15.05.2026,18:51:10,22.4,d2
15.05.2026,19:00:10,22.4,d2
15.05.2026,19:09:10,22.4,d2
15.05.2026,19:18:10,22.4,d2
15.05.2026,19:27:12,22.4,d2
15.05.2026,19:36:12,22.4,d2
15.05.2026,19:45:12,22.4,d2
15.05.2026,19:54:12,22.4,d2
15.05.2026,20:03:14,22.4,d2
15.05.2026,20:12:14,22.4,d2
15.05.2026,20:21:14,22.4,d2
15.05.2026,20:30:16,22.4,d2
15.05.2026,20:39:16,22.4,d2
15.05.2026,20:48:16,22.4,d2
15.05.2026,20:57:16,22.4,d2
15.05.2026,21:06:18,22.4,d2
15.05.2026,21:15:18,22.4,d2
15.05.2026,21:24:18,22.4,d2
15.05.2026,21:33:18,22.4,d2
15.05.2026,21:42:20,22.4,d2
15.05.2026,21:51:20,22.4,d2
15.05.2026,22:00:20,22.4,d2
15.05.2026,22:09:20,22.4,d2
15.05.2026,22:18:22,22.5,d2
15.05.2026,22:27:22,22.5,d2
15.05.2026,22:36:22,22.4,d2
15.05.2026,22:45:22,22.5,d2
15.05.2026,22:54:24,22.5,d2
15.05.2026,23:03:24,22.5,d2
15.05.2026,23:12:24,22.4,d2
15.05.2026,23:21:26,22.5,d2
15.05.2026,23:30:26,22.5,d2
15.05.2026,23:39:26,22.5,d2
15.05.2026,23:48:28,22.4,d2
15.05.2026,23:57:28,22.4,d2
16.05.2026,00:06:28,22.4,d2
16.05.2026,00:15:28,22.4,d2
16.05.2026,00:24:30,22.4,d2
16.05.2026,00:33:30,22.4,d2
16.05.2026,00:42:30,22.4,d2
16.05.2026,00:51:32,22.4,d2
16.05.2026,01:00:32,22.4,d2
16.05.2026,01:09:32,22.4,d2
16.05.2026,01:18:32,22.4,d2
16.05.2026,01:27:34,22.4,d2
16.05.2026,01:36:34,22.4,d2
16.05.2026,01:45:34,22.4,d2
16.05.2026,01:54:34,22.4,d2
16.05.2026,02:03:36,22.4,d2
16.05.2026,02:12:36,22.4,d2
16.05.2026,02:21:36,22.4,d2
16.05.2026,02:30:36,22.4,d2
16.05.2026,02:39:38,22.4,d2
16.05.2026,02:48:38,22.4,d2
16.05.2026,02:57:38,22.4,d2
16.05.2026,03:06:38,22.4,d2
16.05.2026,03:15:40,22.4,d2
16.05.2026,03:24:40,22.4,d2
16.05.2026,03:33:40,22.4,d2
16.05.2026,03:42:40,22.4,d2
16.05.2026,03:51:42,22.4,d2
16.05.2026,04:00:42,22.3,d2
16.05.2026,04:09:42,22.3,d2
16.05.2026,04:18:42,22.3,d2
16.05.2026,04:27:44,22.3,d2
16.05.2026,04:36:44,22.3,d2
16.05.2026,04:45:44,22.3,d2
16.05.2026,04:54:46,22.3,d2
16.05.2026,05:03:46,22.3,d2
16.05.2026,05:12:46,22.3,d2
16.05.2026,05:21:46,22.3,d2
16.05.2026,05:30:48,22.3,d2
16.05.2026,05:39:48,22.3,d2
16.05.2026,05:48:48,22.3,d2
16.05.2026,05:57:50,22.3,d2
16.05.2026,06:06:50,22.3,d2
16.05.2026,06:15:50,22.3,d2
16.05.2026,06:24:50,22.3,d2
16.05.2026,06:33:52,22.3,d2
16.05.2026,06:42:52,22.3,d2
16.05.2026,06:51:52,22.3,d2
16.05.2026,07:00:52,22.3,d2
16.05.2026,07:09:54,22.3,d2
16.05.2026,07:18:54,22.3,d2
16.05.2026,07:27:54,22.3,d2
16.05.2026,07:36:56,22.3,d2
16.05.2026,07:45:56,22.3,d2
16.05.2026,07:54:56,22.3,d2
16.05.2026,08:03:56,22.3,d2
16.05.2026,08:12:58,22.3,d2
16.05.2026,08:21:58,22.3,d2
16.05.2026,08:30:58,22.3,d2
16.05.2026,08:39:58,22.3,d2
16.05.2026,08:49:00,22.3,d2
16.05.2026,08:58:00,22.3,d2
16.05.2026,09:07:00,22.3,d2
16.05.2026,09:16:00,22.3,d2
16.05.2026,09:25:02,22.3,d2
16.05.2026,09:34:02,22.3,d2
16.05.2026,09:43:04,22.4,d2
16.05.2026,09:52:04,22.7,d2
16.05.2026,10:01:04,22.6,d2
16.05.2026,10:10:06,22.6,d2
16.05.2026,10:19:06,22.6,d2
